2024-02-21 12:38:13,773 - app - DEBUG - Headers: Host: localhost:5000
Connection: keep-alive
Cache-Control: max-age=0
Sec-Ch-Ua: "Not A(Brand";v="99", "Google Chrome";v="121", "Chromium";v="121"
Sec-Ch-Ua-Mobile: ?0
Sec-Ch-Ua-Platform: "Linux"
Upgrade-Insecure-Requests: 1
User-Agent: Mozilla/5.0 (X11; Linux x86_64) AppleWebKit/537.36 (KHTML, like Gecko) Chrome/121.0.0.0 Safari/537.36
Accept: text/html,application/xhtml+xml,application/xml;q=0.9,image/avif,image/webp,image/apng,*/*;q=0.8,application/signed-exchange;v=b3;q=0.7
Sec-Fetch-Site: none
Sec-Fetch-Mode: navigate
Sec-Fetch-User: ?1
Sec-Fetch-Dest: document
Accept-Encoding: gzip, deflate, br
Accept-Language: en-US,en;q=0.9,ru-RU;q=0.8,ru;q=0.7,tr;q=0.6,az;q=0.5,pl;q=0.4
Cookie: ajs_user_id=79244f579e11171d65ed351ff5264b3877fe35b063c1a79b9a7ca5103726a313; ajs_anonymous_id=9df2614f-5c1c-493f-8b52-bde69b4d0805; session=.eJxVjtEOgjAMRX9l6bMhG2YY-APffTQhZSs6wM2wgYmEf7eKifHtNOe2vQuYaRzJp3qmsYFqgdpZqKDQVtuctETCvZJMJHWhLOzABN9NF0wu-PoeBg7bYLEjVs63zrvkZqrxSWzOk8x1OeC8gaB026j_T__usFbyAOsOWiLboOlZHL0J3NKkTJyuJL6DQB8fNAoXRUzYfTa1iO4Nqsz4Q-Qk11DrCzmpS1Q.ZdXceA.VMk6Z3BDSqyFKX8VxQQuZdU3YkA


2024-02-21 12:38:13,773 - app - DEBUG - Body: b''
2024-02-21 12:38:14,288 - app - DEBUG - Response status: 200 OK
2024-02-21 12:38:14,844 - app - DEBUG - Headers: Host: localhost:5000
Connection: keep-alive
Cache-Control: max-age=0
Sec-Ch-Ua: "Not A(Brand";v="99", "Google Chrome";v="121", "Chromium";v="121"
Sec-Ch-Ua-Mobile: ?0
Sec-Ch-Ua-Platform: "Linux"
Upgrade-Insecure-Requests: 1
User-Agent: Mozilla/5.0 (X11; Linux x86_64) AppleWebKit/537.36 (KHTML, like Gecko) Chrome/121.0.0.0 Safari/537.36
Accept: text/html,application/xhtml+xml,application/xml;q=0.9,image/avif,image/webp,image/apng,*/*;q=0.8,application/signed-exchange;v=b3;q=0.7
Sec-Fetch-Site: none
Sec-Fetch-Mode: navigate
Sec-Fetch-User: ?1
Sec-Fetch-Dest: document
Accept-Encoding: gzip, deflate, br
Accept-Language: en-US,en;q=0.9,ru-RU;q=0.8,ru;q=0.7,tr;q=0.6,az;q=0.5,pl;q=0.4
Cookie: ajs_user_id=79244f579e11171d65ed351ff5264b3877fe35b063c1a79b9a7ca5103726a313; ajs_anonymous_id=9df2614f-5c1c-493f-8b52-bde69b4d0805; session=.eJxdjsEOgjAMhl9l6ZmQoQ4jb-DdowkpW9GCDsMGRIzvblEvevua_2v7P8AOfU8-liP1FRQPKNlBAblxxq3IaCRcZ1qItMk3OSRgO98MJ4zc-fLWXUQejoPOtvY-YZhFYF-z58gjlTiT5Bwi1-jEWpmdonj9UPvr_t9aQG_hmUBN5Cq0rcR7bzvpa2OqDmdS30GhDxP1ioMKEZv3plGBF8h2qfwJYkqV7PkCjIpPOw.ZdXgpg.wSgeXaIcaWKRU8Vz1jeQGHu0ohI


2024-02-21 12:38:14,844 - app - DEBUG - Body: b''
2024-02-21 12:38:14,933 - app - DEBUG - Response status: 200 OK
2024-02-21 12:38:15,489 - app - DEBUG - Headers: Host: localhost:5000
Connection: keep-alive
Cache-Control: max-age=0
Sec-Ch-Ua: "Not A(Brand";v="99", "Google Chrome";v="121", "Chromium";v="121"
Sec-Ch-Ua-Mobile: ?0
Sec-Ch-Ua-Platform: "Linux"
Upgrade-Insecure-Requests: 1
User-Agent: Mozilla/5.0 (X11; Linux x86_64) AppleWebKit/537.36 (KHTML, like Gecko) Chrome/121.0.0.0 Safari/537.36
Accept: text/html,application/xhtml+xml,application/xml;q=0.9,image/avif,image/webp,image/apng,*/*;q=0.8,application/signed-exchange;v=b3;q=0.7
Sec-Fetch-Site: none
Sec-Fetch-Mode: navigate
Sec-Fetch-User: ?1
Sec-Fetch-Dest: document
Accept-Encoding: gzip, deflate, br
Accept-Language: en-US,en;q=0.9,ru-RU;q=0.8,ru;q=0.7,tr;q=0.6,az;q=0.5,pl;q=0.4
Cookie: ajs_user_id=79244f579e11171d65ed351ff5264b3877fe35b063c1a79b9a7ca5103726a313; ajs_anonymous_id=9df2614f-5c1c-493f-8b52-bde69b4d0805; session=.eJxtjk0OgjAQha_SzNqQVlKM3MC9SxMytIMWpVVaIJFwdwfDxsTN_OR98-bNYIa-J5-qkfoayhkqZ6GEQltt96QlEuZK8kRSFwphByb4drhicsFXz_BguLsMUjb55LgrdWTG-cZ5l9xIFb6JEYt-FXO1Vt10-Pql_hjJAyw7aIhsjebO6smbwFlNysT5RmJbBPo4US9cFDFh-73UIm5ZMn4TmeQMavkAy0ZM-g.ZdXgpg.iZ6ACwhHZS_skNAZyHflmcR2WFs


2024-02-21 12:38:15,489 - app - DEBUG - Body: b''
2024-02-21 12:38:15,573 - app - DEBUG - Response status: 200 OK
2024-02-21 12:38:15,780 - app - DEBUG - Headers: Host: localhost:5000
Connection: keep-alive
Cache-Control: max-age=0
Sec-Ch-Ua: "Not A(Brand";v="99", "Google Chrome";v="121", "Chromium";v="121"
Sec-Ch-Ua-Mobile: ?0
Sec-Ch-Ua-Platform: "Linux"
Upgrade-Insecure-Requests: 1
User-Agent: Mozilla/5.0 (X11; Linux x86_64) AppleWebKit/537.36 (KHTML, like Gecko) Chrome/121.0.0.0 Safari/537.36
Accept: text/html,application/xhtml+xml,application/xml;q=0.9,image/avif,image/webp,image/apng,*/*;q=0.8,application/signed-exchange;v=b3;q=0.7
Sec-Fetch-Site: none
Sec-Fetch-Mode: navigate
Sec-Fetch-User: ?1
Sec-Fetch-Dest: document
Accept-Encoding: gzip, deflate, br
Accept-Language: en-US,en;q=0.9,ru-RU;q=0.8,ru;q=0.7,tr;q=0.6,az;q=0.5,pl;q=0.4
Cookie: ajs_user_id=79244f579e11171d65ed351ff5264b3877fe35b063c1a79b9a7ca5103726a313; ajs_anonymous_id=9df2614f-5c1c-493f-8b52-bde69b4d0805; session=.eJxVjsEOgjAQRH-l2TMhRS1E_sC7RxOytIsWoSAtGCH8u4sxJl42s3kzmVlAj8NALhQTDSXkCxTWQA6pMsrsSEkk3CeSFUmVHjKIQHeuHq8YbOeKvmvYPDuszVhT-2JsXWWdDXaiAmdiGrBv8fFPfrmGLqNMMtyuzGCNoCIyJeo785PTHY_TIRbnG4nvI9D5Jw3CeuED1p-kEt5uIjnGXOTZyc3J-gZYW0nd.ZdXgpw.Y4Ok7AXWelmhRHPw9UaccqWThhM


2024-02-21 12:38:15,780 - app - DEBUG - Body: b''
2024-02-21 12:38:15,864 - app - DEBUG - Response status: 200 OK
2024-02-21 12:38:16,045 - app - DEBUG - Headers: Host: localhost:5000
Connection: keep-alive
Cache-Control: max-age=0
Sec-Ch-Ua: "Not A(Brand";v="99", "Google Chrome";v="121", "Chromium";v="121"
Sec-Ch-Ua-Mobile: ?0
Sec-Ch-Ua-Platform: "Linux"
Upgrade-Insecure-Requests: 1
User-Agent: Mozilla/5.0 (X11; Linux x86_64) AppleWebKit/537.36 (KHTML, like Gecko) Chrome/121.0.0.0 Safari/537.36
Accept: text/html,application/xhtml+xml,application/xml;q=0.9,image/avif,image/webp,image/apng,*/*;q=0.8,application/signed-exchange;v=b3;q=0.7
Sec-Fetch-Site: none
Sec-Fetch-Mode: navigate
Sec-Fetch-User: ?1
Sec-Fetch-Dest: document
Accept-Encoding: gzip, deflate, br
Accept-Language: en-US,en;q=0.9,ru-RU;q=0.8,ru;q=0.7,tr;q=0.6,az;q=0.5,pl;q=0.4
Cookie: ajs_user_id=79244f579e11171d65ed351ff5264b3877fe35b063c1a79b9a7ca5103726a313; ajs_anonymous_id=9df2614f-5c1c-493f-8b52-bde69b4d0805; session=.eJxljksOwjAMRK8SeV1VCSig9gbsWSJVaeKC-0lQkxZR1LtjPhvEymP5eWYeYKdxRJ-qGccaygdU5KCEnXbabVBLg2arJCuUeqf2kIENvp3OJlHw1TX0DJ8mqXTdo1touDNBviFPiWaszIIM0NIzs9HF8BndL_Tn8pJyD2sGDaKrje34fvA2cFWbcnG8oPguwvh4w1FQFDGZ9v2pRXxbqCLnoMgkl1DrE9LjTUI.ZdXgpw.y88yCy28F0Mn5g2kjPLox2Me6jE


2024-02-21 12:38:16,046 - app - DEBUG - Body: b''
2024-02-21 12:38:16,091 - app - DEBUG - Response status: 200 OK
2024-02-21 12:38:16,299 - app - DEBUG - Headers: Host: localhost:5000
Connection: keep-alive
Cache-Control: max-age=0
Sec-Ch-Ua: "Not A(Brand";v="99", "Google Chrome";v="121", "Chromium";v="121"
Sec-Ch-Ua-Mobile: ?0
Sec-Ch-Ua-Platform: "Linux"
Upgrade-Insecure-Requests: 1
User-Agent: Mozilla/5.0 (X11; Linux x86_64) AppleWebKit/537.36 (KHTML, like Gecko) Chrome/121.0.0.0 Safari/537.36
Accept: text/html,application/xhtml+xml,application/xml;q=0.9,image/avif,image/webp,image/apng,*/*;q=0.8,application/signed-exchange;v=b3;q=0.7
Sec-Fetch-Site: none
Sec-Fetch-Mode: navigate
Sec-Fetch-User: ?1
Sec-Fetch-Dest: document
Accept-Encoding: gzip, deflate, br
Accept-Language: en-US,en;q=0.9,ru-RU;q=0.8,ru;q=0.7,tr;q=0.6,az;q=0.5,pl;q=0.4
Cookie: ajs_user_id=79244f579e11171d65ed351ff5264b3877fe35b063c1a79b9a7ca5103726a313; ajs_anonymous_id=9df2614f-5c1c-493f-8b52-bde69b4d0805; session=.eJxVjkEOgjAQRa_SzJqQIhYjN3Dv0oQMZdAitkALJBDu7mDcsPuT93_erKDHYSAbiomGEvIVClNBDpmqVHUiJZEwTSQnkipLzxCBdrYZnxiMs0XnWi53bnE-YENMja2NNcFMVOBCDHtsP9gfyWE242OUibzAFkFNVJWo30xvVjv-TIdY3F8k_odA62cahPFiN_6WSnizh-Qas8Zzk73J9gWp_0l0.ZdXgqA.gOFWMnpU9o4wTu3rGQkOXHCnKis


2024-02-21 12:38:16,299 - app - DEBUG - Body: b''
2024-02-21 12:38:16,347 - app - DEBUG - Response status: 200 OK
2024-02-21 12:38:16,537 - app - DEBUG - Headers: Host: localhost:5000
Connection: keep-alive
Cache-Control: max-age=0
Sec-Ch-Ua: "Not A(Brand";v="99", "Google Chrome";v="121", "Chromium";v="121"
Sec-Ch-Ua-Mobile: ?0
Sec-Ch-Ua-Platform: "Linux"
Upgrade-Insecure-Requests: 1
User-Agent: Mozilla/5.0 (X11; Linux x86_64) AppleWebKit/537.36 (KHTML, like Gecko) Chrome/121.0.0.0 Safari/537.36
Accept: text/html,application/xhtml+xml,application/xml;q=0.9,image/avif,image/webp,image/apng,*/*;q=0.8,application/signed-exchange;v=b3;q=0.7
Sec-Fetch-Site: none
Sec-Fetch-Mode: navigate
Sec-Fetch-User: ?1
Sec-Fetch-Dest: document
Accept-Encoding: gzip, deflate, br
Accept-Language: en-US,en;q=0.9,ru-RU;q=0.8,ru;q=0.7,tr;q=0.6,az;q=0.5,pl;q=0.4
Cookie: ajs_user_id=79244f579e11171d65ed351ff5264b3877fe35b063c1a79b9a7ca5103726a313; ajs_anonymous_id=9df2614f-5c1c-493f-8b52-bde69b4d0805; session=.eJxVjsEOgjAQRH-l2bMhRVJU_sC7RxOytIsWsWhbMEL4dxc1MV42s5k3mZlA996Ti-VAvoJigtIaKCBXRpk1KYmEWSpZkVR5toUV6M41_Qmj7Vx561qGR9Tj0yF71tXW2WgHKnEktio89jJVdYtXvP8Dv-yCSPW-G5hXUBOZCvWF7b3THe_TMRGHM4nvI9CFB3lhgwgRm09eBLuIdJdwT2CS-9P5Bd8kSh8.ZdXgqA.-4iivuLoqZrGSfX8PIBsBIkqFp0


2024-02-21 12:38:16,538 - app - DEBUG - Body: b''
2024-02-21 12:38:16,583 - app - DEBUG - Response status: 200 OK
2024-02-21 12:38:16,758 - app - DEBUG - Headers: Host: localhost:5000
Connection: keep-alive
Cache-Control: max-age=0
Sec-Ch-Ua: "Not A(Brand";v="99", "Google Chrome";v="121", "Chromium";v="121"
Sec-Ch-Ua-Mobile: ?0
Sec-Ch-Ua-Platform: "Linux"
Upgrade-Insecure-Requests: 1
User-Agent: Mozilla/5.0 (X11; Linux x86_64) AppleWebKit/537.36 (KHTML, like Gecko) Chrome/121.0.0.0 Safari/537.36
Accept: text/html,application/xhtml+xml,application/xml;q=0.9,image/avif,image/webp,image/apng,*/*;q=0.8,application/signed-exchange;v=b3;q=0.7
Sec-Fetch-Site: none
Sec-Fetch-Mode: navigate
Sec-Fetch-User: ?1
Sec-Fetch-Dest: document
Accept-Encoding: gzip, deflate, br
Accept-Language: en-US,en;q=0.9,ru-RU;q=0.8,ru;q=0.7,tr;q=0.6,az;q=0.5,pl;q=0.4
Cookie: ajs_user_id=79244f579e11171d65ed351ff5264b3877fe35b063c1a79b9a7ca5103726a313; ajs_anonymous_id=9df2614f-5c1c-493f-8b52-bde69b4d0805; session=.eJxVjsEKgzAQRH8l7LlIVKLYP-i9x4KscW232kRMbEHx37vYQultlnk7MyvYeZrIxfpJUwPHFWpu4QiFaU2bkdFImKdaFGlT5CUcwHp3n68Y2bt69IPAo19eOKBlEptdx44jP6nGhcRli8tl1pmplHQ8PrL_J385fmAhUl3CdoCOqG3Q9uKdnPUy1MZEnW-kvodCF140KQ4qRLzvn0aFPSKtEikJQsqKdHsDu9ZNpA.ZdXgqA.qdhYyU7ipGcHPn6F5STrD-uAxRo


2024-02-21 12:38:16,758 - app - DEBUG - Body: b''
2024-02-21 12:38:16,805 - app - DEBUG - Response status: 200 OK
2024-02-21 12:38:16,999 - app - DEBUG - Headers: Host: localhost:5000
Connection: keep-alive
Cache-Control: max-age=0
Sec-Ch-Ua: "Not A(Brand";v="99", "Google Chrome";v="121", "Chromium";v="121"
Sec-Ch-Ua-Mobile: ?0
Sec-Ch-Ua-Platform: "Linux"
Upgrade-Insecure-Requests: 1
User-Agent: Mozilla/5.0 (X11; Linux x86_64) AppleWebKit/537.36 (KHTML, like Gecko) Chrome/121.0.0.0 Safari/537.36
Accept: text/html,application/xhtml+xml,application/xml;q=0.9,image/avif,image/webp,image/apng,*/*;q=0.8,application/signed-exchange;v=b3;q=0.7
Sec-Fetch-Site: none
Sec-Fetch-Mode: navigate
Sec-Fetch-User: ?1
Sec-Fetch-Dest: document
Accept-Encoding: gzip, deflate, br
Accept-Language: en-US,en;q=0.9,ru-RU;q=0.8,ru;q=0.7,tr;q=0.6,az;q=0.5,pl;q=0.4
Cookie: ajs_user_id=79244f579e11171d65ed351ff5264b3877fe35b063c1a79b9a7ca5103726a313; ajs_anonymous_id=9df2614f-5c1c-493f-8b52-bde69b4d0805; session=.eJxVjsEKgzAQRH8l7FkkscSif9B7j4UQ49pG20SSaEHx37u1pdDTzvJmZ2cFM4WALqkZQwP1Csq2UEMpW9kWKLlGfRCcFHJZSgEZGO_66aqT9U6N_k5mP05xMYsmaF1nnU12RqUXJJYuEy9kFQaG6fHRw7_vl0FUyMbY9-RH2DLoENtGm4H4yRlPRU3K2fmG7Lsw7eITA7ORxaT7_VKyuEeIKqdHkZzUQ2wveQhM-w.ZdXgqA.Jrn1PTvASY7oKsdW7e6F6KK1R24


2024-02-21 12:38:16,999 - app - DEBUG - Body: b''
2024-02-21 12:38:17,049 - app - DEBUG - Response status: 200 OK
2024-02-21 12:38:17,243 - app - DEBUG - Headers: Host: localhost:5000
Connection: keep-alive
Cache-Control: max-age=0
Sec-Ch-Ua: "Not A(Brand";v="99", "Google Chrome";v="121", "Chromium";v="121"
Sec-Ch-Ua-Mobile: ?0
Sec-Ch-Ua-Platform: "Linux"
Upgrade-Insecure-Requests: 1
User-Agent: Mozilla/5.0 (X11; Linux x86_64) AppleWebKit/537.36 (KHTML, like Gecko) Chrome/121.0.0.0 Safari/537.36
Accept: text/html,application/xhtml+xml,application/xml;q=0.9,image/avif,image/webp,image/apng,*/*;q=0.8,application/signed-exchange;v=b3;q=0.7
Sec-Fetch-Site: none
Sec-Fetch-Mode: navigate
Sec-Fetch-User: ?1
Sec-Fetch-Dest: document
Accept-Encoding: gzip, deflate, br
Accept-Language: en-US,en;q=0.9,ru-RU;q=0.8,ru;q=0.7,tr;q=0.6,az;q=0.5,pl;q=0.4
Cookie: ajs_user_id=79244f579e11171d65ed351ff5264b3877fe35b063c1a79b9a7ca5103726a313; ajs_anonymous_id=9df2614f-5c1c-493f-8b52-bde69b4d0805; session=.eJxVTssOwjAM-5UqZ4TaoQ6xP-DOEWnK2gwyoEVtNyTQ_p3wuOwUW7Zjv8CNKVEo7USpg-YFLXtooLbe-oqsRsKN0YJI29pYWIGLYRhPWDiG9h6vYk7xOd6YHJPIHHoOXHiiFp8kaofHURvbo_ICdO9-9CansrvLMrJ4-DHqLcwr6Il8h-4i2j64KItdWavDmdSfKAz5QUlxVrng8E1alfkDzG4tJVmcMsfMb0uvUCs.ZdXgqQ.iEHpEPZHdwnVbgnlvOPMdc4DZOE


2024-02-21 12:38:17,243 - app - DEBUG - Body: b''
2024-02-21 12:38:17,297 - app - DEBUG - Response status: 200 OK
2024-02-21 12:38:17,466 - app - DEBUG - Headers: Host: localhost:5000
Connection: keep-alive
Cache-Control: max-age=0
Sec-Ch-Ua: "Not A(Brand";v="99", "Google Chrome";v="121", "Chromium";v="121"
Sec-Ch-Ua-Mobile: ?0
Sec-Ch-Ua-Platform: "Linux"
Upgrade-Insecure-Requests: 1
User-Agent: Mozilla/5.0 (X11; Linux x86_64) AppleWebKit/537.36 (KHTML, like Gecko) Chrome/121.0.0.0 Safari/537.36
Accept: text/html,application/xhtml+xml,application/xml;q=0.9,image/avif,image/webp,image/apng,*/*;q=0.8,application/signed-exchange;v=b3;q=0.7
Sec-Fetch-Site: none
Sec-Fetch-Mode: navigate
Sec-Fetch-User: ?1
Sec-Fetch-Dest: document
Accept-Encoding: gzip, deflate, br
Accept-Language: en-US,en;q=0.9,ru-RU;q=0.8,ru;q=0.7,tr;q=0.6,az;q=0.5,pl;q=0.4
Cookie: ajs_user_id=79244f579e11171d65ed351ff5264b3877fe35b063c1a79b9a7ca5103726a313; ajs_anonymous_id=9df2614f-5c1c-493f-8b52-bde69b4d0805; session=.eJxVjs0OgjAQhF-l2TMhLaYYeAPvHk1IKYsuYDH9wQTCu7saD3ra2cw3mdnAJu_RxWZB30K9QUMd1FDqTncFamnQHJRkhVKXRQsZ2NkN6Woiza55zBPD6U7oTVjZJNeTo0gLNmZF9i5Jyr6c7nwLXY3_yG-cASWPsGfQI3atsSNbJ2dnnmdjLs43FN9HGBee6AUFEaIZPkktAr2FqnLuCExyu9pfqI1KAg.ZdXgqQ.BbdwGcqgcJE8PhJqW8oHKAaHXSA


2024-02-21 12:38:17,466 - app - DEBUG - Body: b''
2024-02-21 12:38:17,528 - app - DEBUG - Response status: 200 OK
2024-02-21 12:38:17,674 - app - DEBUG - Headers: Host: localhost:5000
Connection: keep-alive
Cache-Control: max-age=0
Sec-Ch-Ua: "Not A(Brand";v="99", "Google Chrome";v="121", "Chromium";v="121"
Sec-Ch-Ua-Mobile: ?0
Sec-Ch-Ua-Platform: "Linux"
Upgrade-Insecure-Requests: 1
User-Agent: Mozilla/5.0 (X11; Linux x86_64) AppleWebKit/537.36 (KHTML, like Gecko) Chrome/121.0.0.0 Safari/537.36
Accept: text/html,application/xhtml+xml,application/xml;q=0.9,image/avif,image/webp,image/apng,*/*;q=0.8,application/signed-exchange;v=b3;q=0.7
Sec-Fetch-Site: none
Sec-Fetch-Mode: navigate
Sec-Fetch-User: ?1
Sec-Fetch-Dest: document
Accept-Encoding: gzip, deflate, br
Accept-Language: en-US,en;q=0.9,ru-RU;q=0.8,ru;q=0.7,tr;q=0.6,az;q=0.5,pl;q=0.4
Cookie: ajs_user_id=79244f579e11171d65ed351ff5264b3877fe35b063c1a79b9a7ca5103726a313; ajs_anonymous_id=9df2614f-5c1c-493f-8b52-bde69b4d0805; session=.eJxVjs0KgzAQhF8l7FkkscSib9B7j4UQk9VGbSwmWoj47t3-HNrTzPLN7s4GZpln9FGtODdQb6CchRpKaaUtUHKN-iA4OeSyLCrIwEy-Xzod3eTVfRopbBIOOiRizrfOu-hWVDohoe6ycN6WaSQtZHX7yPAf_blCXPAj7Bm0iLbRZiBy8maikibm7HxF9h2Y9uGBM3OBhaj796Zkwb2MqHJ6EShJJcT-BCE9S3E.ZdXgqQ.Ot55NqtG07YPA1TnR5LWl5SDjTY


2024-02-21 12:38:17,675 - app - DEBUG - Body: b''
2024-02-21 12:38:17,746 - app - DEBUG - Response status: 200 OK
2024-02-21 12:38:17,895 - app - DEBUG - Headers: Host: localhost:5000
Connection: keep-alive
Cache-Control: max-age=0
Sec-Ch-Ua: "Not A(Brand";v="99", "Google Chrome";v="121", "Chromium";v="121"
Sec-Ch-Ua-Mobile: ?0
Sec-Ch-Ua-Platform: "Linux"
Upgrade-Insecure-Requests: 1
User-Agent: Mozilla/5.0 (X11; Linux x86_64) AppleWebKit/537.36 (KHTML, like Gecko) Chrome/121.0.0.0 Safari/537.36
Accept: text/html,application/xhtml+xml,application/xml;q=0.9,image/avif,image/webp,image/apng,*/*;q=0.8,application/signed-exchange;v=b3;q=0.7
Sec-Fetch-Site: none
Sec-Fetch-Mode: navigate
Sec-Fetch-User: ?1
Sec-Fetch-Dest: document
Accept-Encoding: gzip, deflate, br
Accept-Language: en-US,en;q=0.9,ru-RU;q=0.8,ru;q=0.7,tr;q=0.6,az;q=0.5,pl;q=0.4
Cookie: ajs_user_id=79244f579e11171d65ed351ff5264b3877fe35b063c1a79b9a7ca5103726a313; ajs_anonymous_id=9df2614f-5c1c-493f-8b52-bde69b4d0805; session=.eJxVjkEKwjAQRa8SZl1KoqRib-DepRDSZKqpmmiSVm3p3R1FRHd_-O_zZgLTx4g-qwFjA_UEylmooZJW2gVKrlEvBaeEXFaigQJM8F2_19kFry7hRLAZH1l3u54LLglwvnXeZTeg0iNSH-79WV__m5_le7iCuYAW0TbaHKnZeBPoMZNLtj0g-xxM-3TDyFxi6atkyb2CWJekSESSU8xPAQJITg.ZdXgqQ.vwJ4Zjyzw-UmSPV1sj1XgEcH_5g


2024-02-21 12:38:17,895 - app - DEBUG - Body: b''
2024-02-21 12:38:17,939 - app - DEBUG - Response status: 200 OK
2024-02-21 12:38:18,099 - app - DEBUG - Headers: Host: localhost:5000
Connection: keep-alive
Cache-Control: max-age=0
Sec-Ch-Ua: "Not A(Brand";v="99", "Google Chrome";v="121", "Chromium";v="121"
Sec-Ch-Ua-Mobile: ?0
Sec-Ch-Ua-Platform: "Linux"
Upgrade-Insecure-Requests: 1
User-Agent: Mozilla/5.0 (X11; Linux x86_64) AppleWebKit/537.36 (KHTML, like Gecko) Chrome/121.0.0.0 Safari/537.36
Accept: text/html,application/xhtml+xml,application/xml;q=0.9,image/avif,image/webp,image/apng,*/*;q=0.8,application/signed-exchange;v=b3;q=0.7
Sec-Fetch-Site: none
Sec-Fetch-Mode: navigate
Sec-Fetch-User: ?1
Sec-Fetch-Dest: document
Accept-Encoding: gzip, deflate, br
Accept-Language: en-US,en;q=0.9,ru-RU;q=0.8,ru;q=0.7,tr;q=0.6,az;q=0.5,pl;q=0.4
Cookie: ajs_user_id=79244f579e11171d65ed351ff5264b3877fe35b063c1a79b9a7ca5103726a313; ajs_anonymous_id=9df2614f-5c1c-493f-8b52-bde69b4d0805; session=.eJxVjs0OgkAMhF9l07MhC2Yx8AbePZqQshSs4qK7i0QJ7279SYynTvNNOzODHb0nF6sb-RrKGSpuoITcNKbJyGgkXKdaFGmTZxmswA7uOHYYeXDVZejFPN07f5_QMglm17LjyDeq8EFCr9hzrbr9qDNT9OfPPP07f39QeKo3sKygJWpqtCchW2cHqWljonYHUt9FoQsTecVBhYjH96VRgV8iLRKJCOKUDunyBAx8TLg.ZdXgqQ.0SsaDhegtj193JvGvRVvkBySe_k


2024-02-21 12:38:18,099 - app - DEBUG - Body: b''
2024-02-21 12:38:18,149 - app - DEBUG - Response status: 200 OK
2024-02-21 12:38:18,298 - app - DEBUG - Headers: Host: localhost:5000
Connection: keep-alive
Cache-Control: max-age=0
Sec-Ch-Ua: "Not A(Brand";v="99", "Google Chrome";v="121", "Chromium";v="121"
Sec-Ch-Ua-Mobile: ?0
Sec-Ch-Ua-Platform: "Linux"
Upgrade-Insecure-Requests: 1
User-Agent: Mozilla/5.0 (X11; Linux x86_64) AppleWebKit/537.36 (KHTML, like Gecko) Chrome/121.0.0.0 Safari/537.36
Accept: text/html,application/xhtml+xml,application/xml;q=0.9,image/avif,image/webp,image/apng,*/*;q=0.8,application/signed-exchange;v=b3;q=0.7
Sec-Fetch-Site: none
Sec-Fetch-Mode: navigate
Sec-Fetch-User: ?1
Sec-Fetch-Dest: document
Accept-Encoding: gzip, deflate, br
Accept-Language: en-US,en;q=0.9,ru-RU;q=0.8,ru;q=0.7,tr;q=0.6,az;q=0.5,pl;q=0.4
Cookie: ajs_user_id=79244f579e11171d65ed351ff5264b3877fe35b063c1a79b9a7ca5103726a313; ajs_anonymous_id=9df2614f-5c1c-493f-8b52-bde69b4d0805; session=.eJxVjsEKwjAQRH8l7FlKqqZS_8C7RyFs062malKStAVL_921FsTT7DKPmZnA9CGQS3qgUMFxAm1rOEKhalVvSUkk3OWSL5Kq2CNswHjX9ldM1jvd-QfDXUDTt5de5lIxYF1jnU12II0vYt9-LNU8WLaqfH7l_k_-kvyIS9QB5g00RHWF5s7eyRnPU03KxPlGYn0EujhSEDaKmHAdIeJSmZcZl0QmeUU-vwG8kE0j.ZdXgqg.F-vYIAWAqeYGXJIy4EUI61O3BI8


2024-02-21 12:38:18,299 - app - DEBUG - Body: b''
2024-02-21 12:38:18,348 - app - DEBUG - Response status: 200 OK
2024-02-21 12:38:18,508 - app - DEBUG - Headers: Host: localhost:5000
Connection: keep-alive
Cache-Control: max-age=0
Sec-Ch-Ua: "Not A(Brand";v="99", "Google Chrome";v="121", "Chromium";v="121"
Sec-Ch-Ua-Mobile: ?0
Sec-Ch-Ua-Platform: "Linux"
Upgrade-Insecure-Requests: 1
User-Agent: Mozilla/5.0 (X11; Linux x86_64) AppleWebKit/537.36 (KHTML, like Gecko) Chrome/121.0.0.0 Safari/537.36
Accept: text/html,application/xhtml+xml,application/xml;q=0.9,image/avif,image/webp,image/apng,*/*;q=0.8,application/signed-exchange;v=b3;q=0.7
Sec-Fetch-Site: none
Sec-Fetch-Mode: navigate
Sec-Fetch-User: ?1
Sec-Fetch-Dest: document
Accept-Encoding: gzip, deflate, br
Accept-Language: en-US,en;q=0.9,ru-RU;q=0.8,ru;q=0.7,tr;q=0.6,az;q=0.5,pl;q=0.4
Cookie: ajs_user_id=79244f579e11171d65ed351ff5264b3877fe35b063c1a79b9a7ca5103726a313; ajs_anonymous_id=9df2614f-5c1c-493f-8b52-bde69b4d0805; session=.eJxVjsEKwjAQRH8l7FlKqqRi_8C7R6Fs061u1aQmacWW_ruriOBtdt8MMzPYIQRyqRop1FDOUHEDJRSmMc2ajEbCTa5FkTaFaWEF1rtuOGFi76reX8Xcc5xICLuWHSceqUJ5lPDE6Yb3f_KL4HHQud7CsoKWqKnRXgTsnfUyyKZMHc6kvodCFx8UFEcVE3afpFGR3yLfZdIQxSmV-fIC6CpFzw.ZdXgqg.vYm1bczMOzqT-uA8LOdEWWpx-xc


2024-02-21 12:38:18,508 - app - DEBUG - Body: b''
2024-02-21 12:38:18,552 - app - DEBUG - Response status: 200 OK
2024-02-21 12:38:18,728 - app - DEBUG - Headers: Host: localhost:5000
Connection: keep-alive
Cache-Control: max-age=0
Sec-Ch-Ua: "Not A(Brand";v="99", "Google Chrome";v="121", "Chromium";v="121"
Sec-Ch-Ua-Mobile: ?0
Sec-Ch-Ua-Platform: "Linux"
Upgrade-Insecure-Requests: 1
User-Agent: Mozilla/5.0 (X11; Linux x86_64) AppleWebKit/537.36 (KHTML, like Gecko) Chrome/121.0.0.0 Safari/537.36
Accept: text/html,application/xhtml+xml,application/xml;q=0.9,image/avif,image/webp,image/apng,*/*;q=0.8,application/signed-exchange;v=b3;q=0.7
Sec-Fetch-Site: none
Sec-Fetch-Mode: navigate
Sec-Fetch-User: ?1
Sec-Fetch-Dest: document
Accept-Encoding: gzip, deflate, br
Accept-Language: en-US,en;q=0.9,ru-RU;q=0.8,ru;q=0.7,tr;q=0.6,az;q=0.5,pl;q=0.4
Cookie: ajs_user_id=79244f579e11171d65ed351ff5264b3877fe35b063c1a79b9a7ca5103726a313; ajs_anonymous_id=9df2614f-5c1c-493f-8b52-bde69b4d0805; session=.eJxdjs0OgjAQhF-l2TMhRVMMvIF3jyaktIsuSGvaggmEd3f9uehtJvPN7qxgphDQpWbG0EK9QkMWaiiVVXaHSmrU-0KyQqnKUkIGxrt-uuhE3jV3f2PY-ph0MIuOC-fkOnKUaMZGL8hxOk9yp6qRnMA0fszwC_7dYaaQB9gy6BBtq83A6dEZz1NNysXpiuJrhHbxgUFQFFzu300lIr1EUeX8JjLJM4rtCXFUTn0.ZdXgqg.L4X24gVHrn_uL30zSaErYS62MNY


2024-02-21 12:38:18,728 - app - DEBUG - Body: b''
2024-02-21 12:38:18,776 - app - DEBUG - Response status: 200 OK
2024-02-21 12:38:19,331 - app - DEBUG - Headers: Host: localhost:5000
Connection: keep-alive
Cache-Control: max-age=0
Sec-Ch-Ua: "Not A(Brand";v="99", "Google Chrome";v="121", "Chromium";v="121"
Sec-Ch-Ua-Mobile: ?0
Sec-Ch-Ua-Platform: "Linux"
Upgrade-Insecure-Requests: 1
User-Agent: Mozilla/5.0 (X11; Linux x86_64) AppleWebKit/537.36 (KHTML, like Gecko) Chrome/121.0.0.0 Safari/537.36
Accept: text/html,application/xhtml+xml,application/xml;q=0.9,image/avif,image/webp,image/apng,*/*;q=0.8,application/signed-exchange;v=b3;q=0.7
Sec-Fetch-Site: none
Sec-Fetch-Mode: navigate
Sec-Fetch-User: ?1
Sec-Fetch-Dest: document
Accept-Encoding: gzip, deflate, br
Accept-Language: en-US,en;q=0.9,ru-RU;q=0.8,ru;q=0.7,tr;q=0.6,az;q=0.5,pl;q=0.4
Cookie: ajs_user_id=79244f579e11171d65ed351ff5264b3877fe35b063c1a79b9a7ca5103726a313; ajs_anonymous_id=9df2614f-5c1c-493f-8b52-bde69b4d0805; session=.eJxVjsEOgjAQRH-l2TMhBVNU_sC7RxOylEUL2CJtIZHw767GmHibyZvJzAo6ThPZUM001VCuUJkGSihUo5qclETCXSZZkVRFfoAEtLNdvGIwzlajGzjcxzF2xMjY1lgTzEwVPokJDnd8_INfxS14iTKTe9gSaImaGnXP6GS140s6pOJ8I_E1Aq1faBLGCx-w-zSV8OYtsmPKG56TvJltL2ChRmo.ZdXgqg.N43JPNw_9BRYNzJ4mY02jk7oS04


2024-02-21 12:38:19,331 - app - DEBUG - Body: b''
2024-02-21 12:38:19,412 - app - DEBUG - Response status: 200 OK
2024-02-21 12:38:19,559 - app - DEBUG - Headers: Host: localhost:5000
Connection: keep-alive
Cache-Control: max-age=0
Sec-Ch-Ua: "Not A(Brand";v="99", "Google Chrome";v="121", "Chromium";v="121"
Sec-Ch-Ua-Mobile: ?0
Sec-Ch-Ua-Platform: "Linux"
Upgrade-Insecure-Requests: 1
User-Agent: Mozilla/5.0 (X11; Linux x86_64) AppleWebKit/537.36 (KHTML, like Gecko) Chrome/121.0.0.0 Safari/537.36
Accept: text/html,application/xhtml+xml,application/xml;q=0.9,image/avif,image/webp,image/apng,*/*;q=0.8,application/signed-exchange;v=b3;q=0.7
Sec-Fetch-Site: none
Sec-Fetch-Mode: navigate
Sec-Fetch-User: ?1
Sec-Fetch-Dest: document
Accept-Encoding: gzip, deflate, br
Accept-Language: en-US,en;q=0.9,ru-RU;q=0.8,ru;q=0.7,tr;q=0.6,az;q=0.5,pl;q=0.4
Cookie: ajs_user_id=79244f579e11171d65ed351ff5264b3877fe35b063c1a79b9a7ca5103726a313; ajs_anonymous_id=9df2614f-5c1c-493f-8b52-bde69b4d0805; session=.eJxVjssKwjAQRX8lzFpKWknF_oF7l0JIk6lOq4nkodDivzs-FrqaGe7hzlnAlhjRZ33D2EO3gCYHHbTKKdegkgbNupa8oVRt42AFNvixHE2m4PU1nBkOdsapjIci63rLBPmBPGW6oTYzMnDkSA7tfObZqO3lM6Z_9KeL7uZVJjfwWMGA6HpjJw533ga2tbkS-xOK7yGMT3eMgpJI2bw1pBKJPj4Vf0lMskf9eALcXU6H.ZdXgqw.0KBh6FPgutY6gJhduqRVTYb_-v8


2024-02-21 12:38:19,559 - app - DEBUG - Body: b''
2024-02-21 12:38:19,604 - app - DEBUG - Response status: 200 OK
2024-02-21 12:38:19,763 - app - DEBUG - Headers: Host: localhost:5000
Connection: keep-alive
Cache-Control: max-age=0
Sec-Ch-Ua: "Not A(Brand";v="99", "Google Chrome";v="121", "Chromium";v="121"
Sec-Ch-Ua-Mobile: ?0
Sec-Ch-Ua-Platform: "Linux"
Upgrade-Insecure-Requests: 1
User-Agent: Mozilla/5.0 (X11; Linux x86_64) AppleWebKit/537.36 (KHTML, like Gecko) Chrome/121.0.0.0 Safari/537.36
Accept: text/html,application/xhtml+xml,application/xml;q=0.9,image/avif,image/webp,image/apng,*/*;q=0.8,application/signed-exchange;v=b3;q=0.7
Sec-Fetch-Site: none
Sec-Fetch-Mode: navigate
Sec-Fetch-User: ?1
Sec-Fetch-Dest: document
Accept-Encoding: gzip, deflate, br
Accept-Language: en-US,en;q=0.9,ru-RU;q=0.8,ru;q=0.7,tr;q=0.6,az;q=0.5,pl;q=0.4
Cookie: ajs_user_id=79244f579e11171d65ed351ff5264b3877fe35b063c1a79b9a7ca5103726a313; ajs_anonymous_id=9df2614f-5c1c-493f-8b52-bde69b4d0805; session=.eJxljksOwjAMRK8SeY1QGkhRuQF7lkhRmrjgAglK0iKouDvms0GsZqx5tmcCN6SEoZgRUwvrCQx5WEOtvfYKtbRoF5Vkh1LXysEMXAz9sLeFYjCXeGL4esu33SCrpbKOkBEKHQUqNKKxd2Riz7Hs6uBZlW7S-aPHX_bv2kvkCh4z6BB9a92R801wkSu7MhfbA4rvIGzIV0yCssjF9u9NLTK9TNXM-VFmkrtUjydQYU_L.ZdXgqw.IYMiG4KLAzctP1la1CVf_Emc6cM


2024-02-21 12:38:19,763 - app - DEBUG - Body: b''
2024-02-21 12:38:19,809 - app - DEBUG - Response status: 200 OK
2024-02-21 12:38:19,960 - app - DEBUG - Headers: Host: localhost:5000
Connection: keep-alive
Cache-Control: max-age=0
Sec-Ch-Ua: "Not A(Brand";v="99", "Google Chrome";v="121", "Chromium";v="121"
Sec-Ch-Ua-Mobile: ?0
Sec-Ch-Ua-Platform: "Linux"
Upgrade-Insecure-Requests: 1
User-Agent: Mozilla/5.0 (X11; Linux x86_64) AppleWebKit/537.36 (KHTML, like Gecko) Chrome/121.0.0.0 Safari/537.36
Accept: text/html,application/xhtml+xml,application/xml;q=0.9,image/avif,image/webp,image/apng,*/*;q=0.8,application/signed-exchange;v=b3;q=0.7
Sec-Fetch-Site: none
Sec-Fetch-Mode: navigate
Sec-Fetch-User: ?1
Sec-Fetch-Dest: document
Accept-Encoding: gzip, deflate, br
Accept-Language: en-US,en;q=0.9,ru-RU;q=0.8,ru;q=0.7,tr;q=0.6,az;q=0.5,pl;q=0.4
Cookie: ajs_user_id=79244f579e11171d65ed351ff5264b3877fe35b063c1a79b9a7ca5103726a313; ajs_anonymous_id=9df2614f-5c1c-493f-8b52-bde69b4d0805; session=.eJxVjsEOgjAQRH-l2TMhraYY-APvHk3IUhYtaqttgSDh312NB73N5M1kZgEzhEAu1SOFBqoFattCBYVudbshLZFwqyQrkrpQJWRgvOuHEybrXX33Vw6nyYfnzMi6zjqb7Eg1PonJjAHTDR__7Ld1HKSSO1gz6IjaBs2F0d4Zz69MysXhTOJrBLo4URA2ipiw_zS1iPYtVJnzRuQkz6r1BYIKSBE.ZdXgqw.6eetBPeksYP3krSdJt7QdjPU6_8


2024-02-21 12:38:19,961 - app - DEBUG - Body: b''
2024-02-21 12:38:20,013 - app - DEBUG - Response status: 200 OK
2024-02-21 12:38:20,151 - app - DEBUG - Headers: Host: localhost:5000
Connection: keep-alive
Cache-Control: max-age=0
Sec-Ch-Ua: "Not A(Brand";v="99", "Google Chrome";v="121", "Chromium";v="121"
Sec-Ch-Ua-Mobile: ?0
Sec-Ch-Ua-Platform: "Linux"
Upgrade-Insecure-Requests: 1
User-Agent: Mozilla/5.0 (X11; Linux x86_64) AppleWebKit/537.36 (KHTML, like Gecko) Chrome/121.0.0.0 Safari/537.36
Accept: text/html,application/xhtml+xml,application/xml;q=0.9,image/avif,image/webp,image/apng,*/*;q=0.8,application/signed-exchange;v=b3;q=0.7
Sec-Fetch-Site: none
Sec-Fetch-Mode: navigate
Sec-Fetch-User: ?1
Sec-Fetch-Dest: document
Accept-Encoding: gzip, deflate, br
Accept-Language: en-US,en;q=0.9,ru-RU;q=0.8,ru;q=0.7,tr;q=0.6,az;q=0.5,pl;q=0.4
Cookie: ajs_user_id=79244f579e11171d65ed351ff5264b3877fe35b063c1a79b9a7ca5103726a313; ajs_anonymous_id=9df2614f-5c1c-493f-8b52-bde69b4d0805; session=.eJxVjksOwjAMRK8SeY2qBJQiegP2LJEiNzGQFhKUpC0fcXfMR0KsPNY8e-YOdkiJQjEjpRaaOxjvoIFaO-3mpCUSLpRkRVLXimAGNoZu2GPxMZhzPDI8XR12lG9s-rDzwRc_ksEbsXfZDnKuV8keP-L0Gf0_-_szIQNKLuExgx2Ra9H2bK2DjdzTlkpsDiS-i8CQJ0rCZ5ELdu9LLbJ_CbWqOCMzyTXU4wk_kEzR.ZdXgrA.L93oui05MjpdIgcVfrdok1YGZYs


2024-02-21 12:38:20,151 - app - DEBUG - Body: b''
2024-02-21 12:38:20,204 - app - DEBUG - Response status: 200 OK
2024-02-21 12:38:20,350 - app - DEBUG - Headers: Host: localhost:5000
Connection: keep-alive
Cache-Control: max-age=0
Sec-Ch-Ua: "Not A(Brand";v="99", "Google Chrome";v="121", "Chromium";v="121"
Sec-Ch-Ua-Mobile: ?0
Sec-Ch-Ua-Platform: "Linux"
Upgrade-Insecure-Requests: 1
User-Agent: Mozilla/5.0 (X11; Linux x86_64) AppleWebKit/537.36 (KHTML, like Gecko) Chrome/121.0.0.0 Safari/537.36
Accept: text/html,application/xhtml+xml,application/xml;q=0.9,image/avif,image/webp,image/apng,*/*;q=0.8,application/signed-exchange;v=b3;q=0.7
Sec-Fetch-Site: none
Sec-Fetch-Mode: navigate
Sec-Fetch-User: ?1
Sec-Fetch-Dest: document
Accept-Encoding: gzip, deflate, br
Accept-Language: en-US,en;q=0.9,ru-RU;q=0.8,ru;q=0.7,tr;q=0.6,az;q=0.5,pl;q=0.4
Cookie: ajs_user_id=79244f579e11171d65ed351ff5264b3877fe35b063c1a79b9a7ca5103726a313; ajs_anonymous_id=9df2614f-5c1c-493f-8b52-bde69b4d0805; session=.eJxdjsEOgjAMhl9l6dmQTTKMvIF3jyakbEWHsikbkEh4dwvxopemzfe1_WcwQ9-TT9VIfQ3lDJWzUEKhrbZ70hIJcyW5I6kLhbADE3w7XDG54KtneLDcXQYpm3xyTJ1vnHfJjVThmxha9IxVrtaqmw5fv9bfidWSB1h20BDZGs2d6cmbwClNysT5RuI7CPRxol64KGLCdtvUIm4n1DHjN5FNzqCWDzfiS14.ZdXgrA.xx6B-PfeKMlj5bpeAGyOzAuLIfM


2024-02-21 12:38:20,351 - app - DEBUG - Body: b''
2024-02-21 12:38:20,422 - app - DEBUG - Response status: 200 OK
2024-02-21 12:38:20,539 - app - DEBUG - Headers: Host: localhost:5000
Connection: keep-alive
Cache-Control: max-age=0
Sec-Ch-Ua: "Not A(Brand";v="99", "Google Chrome";v="121", "Chromium";v="121"
Sec-Ch-Ua-Mobile: ?0
Sec-Ch-Ua-Platform: "Linux"
Upgrade-Insecure-Requests: 1
User-Agent: Mozilla/5.0 (X11; Linux x86_64) AppleWebKit/537.36 (KHTML, like Gecko) Chrome/121.0.0.0 Safari/537.36
Accept: text/html,application/xhtml+xml,application/xml;q=0.9,image/avif,image/webp,image/apng,*/*;q=0.8,application/signed-exchange;v=b3;q=0.7
Sec-Fetch-Site: none
Sec-Fetch-Mode: navigate
Sec-Fetch-User: ?1
Sec-Fetch-Dest: document
Accept-Encoding: gzip, deflate, br
Accept-Language: en-US,en;q=0.9,ru-RU;q=0.8,ru;q=0.7,tr;q=0.6,az;q=0.5,pl;q=0.4
Cookie: ajs_user_id=79244f579e11171d65ed351ff5264b3877fe35b063c1a79b9a7ca5103726a313; ajs_anonymous_id=9df2614f-5c1c-493f-8b52-bde69b4d0805; session=.eJxVjsEOgjAQRH-l2TMhBVIM_IF3jyZkaRctSGvagomEf3c1HvS0s5k3mdlALyGQS91KoYd2g84aaKFWRpmSlETCqpCsSKq60pCB9m5cLpisd93d3xj2fUCNM3vWDdbZZFfq8ElsmfMi5VC7mW-pmumf-Y0zUMgD7BkMRKZHPbF1dNrzPJ1ycbqS-D4CXXxQEDaKmHD8JJWI9i2KJueOyCTXF_sLgBNJtA.ZdXgrA.HwpJaB_kkoMhsO749nhWGU4aupY


2024-02-21 12:38:20,539 - app - DEBUG - Body: b''
2024-02-21 12:38:20,589 - app - DEBUG - Response status: 200 OK
2024-02-21 12:38:20,741 - app - DEBUG - Headers: Host: localhost:5000
Connection: keep-alive
Cache-Control: max-age=0
Sec-Ch-Ua: "Not A(Brand";v="99", "Google Chrome";v="121", "Chromium";v="121"
Sec-Ch-Ua-Mobile: ?0
Sec-Ch-Ua-Platform: "Linux"
Upgrade-Insecure-Requests: 1
User-Agent: Mozilla/5.0 (X11; Linux x86_64) AppleWebKit/537.36 (KHTML, like Gecko) Chrome/121.0.0.0 Safari/537.36
Accept: text/html,application/xhtml+xml,application/xml;q=0.9,image/avif,image/webp,image/apng,*/*;q=0.8,application/signed-exchange;v=b3;q=0.7
Sec-Fetch-Site: none
Sec-Fetch-Mode: navigate
Sec-Fetch-User: ?1
Sec-Fetch-Dest: document
Accept-Encoding: gzip, deflate, br
Accept-Language: en-US,en;q=0.9,ru-RU;q=0.8,ru;q=0.7,tr;q=0.6,az;q=0.5,pl;q=0.4
Cookie: ajs_user_id=79244f579e11171d65ed351ff5264b3877fe35b063c1a79b9a7ca5103726a313; ajs_anonymous_id=9df2614f-5c1c-493f-8b52-bde69b4d0805; session=.eJxVjsEKgzAQRH8l7FkkWmLRP-i9x0KIyVpX21hMYkHx37stpdDb7L4ZZjawaZ7RR73g3EKzgSYHDVTKKVeikgbNoZCsUKpKOsjATn5IVxNp8vox3dhs1zSgJWRIviNPkRbUZkVmPYUgMN4vSZaqHv8tvzjTQh5hz6BDdK2xI_9P3k68zcZcnHsU30MYH544CwoiRDN8kkoEeouizrkgsJOri_0F38NJKg.ZdXgrA.8ckJrwUNU_gafA5mg_u_OckP998


2024-02-21 12:38:20,741 - app - DEBUG - Body: b''
2024-02-21 12:38:20,802 - app - DEBUG - Response status: 200 OK
2024-02-21 12:38:20,936 - app - DEBUG - Headers: Host: localhost:5000
Connection: keep-alive
Cache-Control: max-age=0
Sec-Ch-Ua: "Not A(Brand";v="99", "Google Chrome";v="121", "Chromium";v="121"
Sec-Ch-Ua-Mobile: ?0
Sec-Ch-Ua-Platform: "Linux"
Upgrade-Insecure-Requests: 1
User-Agent: Mozilla/5.0 (X11; Linux x86_64) AppleWebKit/537.36 (KHTML, like Gecko) Chrome/121.0.0.0 Safari/537.36
Accept: text/html,application/xhtml+xml,application/xml;q=0.9,image/avif,image/webp,image/apng,*/*;q=0.8,application/signed-exchange;v=b3;q=0.7
Sec-Fetch-Site: none
Sec-Fetch-Mode: navigate
Sec-Fetch-User: ?1
Sec-Fetch-Dest: document
Accept-Encoding: gzip, deflate, br
Accept-Language: en-US,en;q=0.9,ru-RU;q=0.8,ru;q=0.7,tr;q=0.6,az;q=0.5,pl;q=0.4
Cookie: ajs_user_id=79244f579e11171d65ed351ff5264b3877fe35b063c1a79b9a7ca5103726a313; ajs_anonymous_id=9df2614f-5c1c-493f-8b52-bde69b4d0805; session=.eJxVjsEOgjAQRH-l2TMhRS1G_sC7RxOytIsWtcW2YJTw7y7GxHib3XmTmQn0EAK5VI8UGqgmqK2BCkpllFmRkki4LiQrkqrcGMhAe9cNJ0zWu7r3V4b7Z0I2rGuts8mOVOOL-B99GI6DLFR7w_s_8AsugNzCnEFLZBrUFzb2TnuepVMuDmcS30Ogiw8KwkYRE3afpBLRLqLY5dwQmeTmYn4DgldHsg.ZdXgrA.drk6OsWtmOQBS8yPLQodbF17mmo


2024-02-21 12:38:20,937 - app - DEBUG - Body: b''
2024-02-21 12:38:20,982 - app - DEBUG - Response status: 200 OK
2024-02-21 12:38:21,133 - app - DEBUG - Headers: Host: localhost:5000
Connection: keep-alive
Cache-Control: max-age=0
Sec-Ch-Ua: "Not A(Brand";v="99", "Google Chrome";v="121", "Chromium";v="121"
Sec-Ch-Ua-Mobile: ?0
Sec-Ch-Ua-Platform: "Linux"
Upgrade-Insecure-Requests: 1
User-Agent: Mozilla/5.0 (X11; Linux x86_64) AppleWebKit/537.36 (KHTML, like Gecko) Chrome/121.0.0.0 Safari/537.36
Accept: text/html,application/xhtml+xml,application/xml;q=0.9,image/avif,image/webp,image/apng,*/*;q=0.8,application/signed-exchange;v=b3;q=0.7
Sec-Fetch-Site: none
Sec-Fetch-Mode: navigate
Sec-Fetch-User: ?1
Sec-Fetch-Dest: document
Accept-Encoding: gzip, deflate, br
Accept-Language: en-US,en;q=0.9,ru-RU;q=0.8,ru;q=0.7,tr;q=0.6,az;q=0.5,pl;q=0.4
Cookie: ajs_user_id=79244f579e11171d65ed351ff5264b3877fe35b063c1a79b9a7ca5103726a313; ajs_anonymous_id=9df2614f-5c1c-493f-8b52-bde69b4d0805; session=.eJxVjssKAjEMRX-lZC1Dq1Rx_sC9S6Fk2qiZ0VbazgiK_258gLg74dwk9w5-zJlidRPlDto7OA7QwtIGG-ZkNRIujBYibZcmwAx8iv14wMopuks6STikgD15JrEc9xy58kQObyRyN-q5XZ9w-oCiev7Q8J_-nRJt9AoeM9gThQ79IGITfZKivjZqeyT1HRTGcqWsuKhSsX9vWlX4BWbdyIciSalhHk8_SkyF.ZdXgrA.Y52-K8mXN2qh2394sG7uARodJY4


2024-02-21 12:38:21,133 - app - DEBUG - Body: b''
2024-02-21 12:38:21,182 - app - DEBUG - Response status: 200 OK
2024-02-21 12:38:21,317 - app - DEBUG - Headers: Host: localhost:5000
Connection: keep-alive
Cache-Control: max-age=0
Sec-Ch-Ua: "Not A(Brand";v="99", "Google Chrome";v="121", "Chromium";v="121"
Sec-Ch-Ua-Mobile: ?0
Sec-Ch-Ua-Platform: "Linux"
Upgrade-Insecure-Requests: 1
User-Agent: Mozilla/5.0 (X11; Linux x86_64) AppleWebKit/537.36 (KHTML, like Gecko) Chrome/121.0.0.0 Safari/537.36
Accept: text/html,application/xhtml+xml,application/xml;q=0.9,image/avif,image/webp,image/apng,*/*;q=0.8,application/signed-exchange;v=b3;q=0.7
Sec-Fetch-Site: none
Sec-Fetch-Mode: navigate
Sec-Fetch-User: ?1
Sec-Fetch-Dest: document
Accept-Encoding: gzip, deflate, br
Accept-Language: en-US,en;q=0.9,ru-RU;q=0.8,ru;q=0.7,tr;q=0.6,az;q=0.5,pl;q=0.4
Cookie: ajs_user_id=79244f579e11171d65ed351ff5264b3877fe35b063c1a79b9a7ca5103726a313; ajs_anonymous_id=9df2614f-5c1c-493f-8b52-bde69b4d0805; session=.eJxVjtEOgjAMRX9l6bMhG2YY-APffTQhYxQt6Ga2gVHCv1vRxPjS2-bctncGO4aALtUThgaqGWpqoYJCt7rNUUuDZqskdyh1oTrYgPWuH08mkXf1zV_YHHx0hJaQKbmOHCWasDZPZNgcRym74rGKvbLkuhz-nb8zjJXUa93BsoEOsW2MHRjvnfUc1aZMHM4ovoMwLt4xCIoiJtN_9kWkd6PKjP9EdnIQtbwAIIJNlQ.ZdXgrQ.BOOpT9ayBpBcsMmSbT5gX-FCw3E


2024-02-21 12:38:21,317 - app - DEBUG - Body: b''
2024-02-21 12:38:21,408 - app - DEBUG - Response status: 200 OK
2024-02-21 12:38:21,523 - app - DEBUG - Headers: Host: localhost:5000
Connection: keep-alive
Cache-Control: max-age=0
Sec-Ch-Ua: "Not A(Brand";v="99", "Google Chrome";v="121", "Chromium";v="121"
Sec-Ch-Ua-Mobile: ?0
Sec-Ch-Ua-Platform: "Linux"
Upgrade-Insecure-Requests: 1
User-Agent: Mozilla/5.0 (X11; Linux x86_64) AppleWebKit/537.36 (KHTML, like Gecko) Chrome/121.0.0.0 Safari/537.36
Accept: text/html,application/xhtml+xml,application/xml;q=0.9,image/avif,image/webp,image/apng,*/*;q=0.8,application/signed-exchange;v=b3;q=0.7
Sec-Fetch-Site: none
Sec-Fetch-Mode: navigate
Sec-Fetch-User: ?1
Sec-Fetch-Dest: document
Accept-Encoding: gzip, deflate, br
Accept-Language: en-US,en;q=0.9,ru-RU;q=0.8,ru;q=0.7,tr;q=0.6,az;q=0.5,pl;q=0.4
Cookie: ajs_user_id=79244f579e11171d65ed351ff5264b3877fe35b063c1a79b9a7ca5103726a313; ajs_anonymous_id=9df2614f-5c1c-493f-8b52-bde69b4d0805; session=.eJxVTksOgjAQvUoza2KKpBq5gXuXJk1pBx3QlrRFEoh3dwJuWM28vO8CdowRfdYfjA3UC2hyUMNJOeWOqKRBU5WSP5TqVCkowAbfjQ-TKXg9hBeLhxgm42ZiknxLnjJ9UJsZmYv3UR7V5dlsN76oF5jfG-r3jn0aS0p5hm8BLaJrjO2ZvHobeK_NB3F7ovgDYXyaMApKImXTrU4l0hpRXg7ckljJc8rvD7tAT7M.ZdXgrQ.KKC6SD-qiRJy9H9nHJ7yX7dt_F0


2024-02-21 12:38:21,523 - app - DEBUG - Body: b''
2024-02-21 12:38:21,574 - app - DEBUG - Response status: 200 OK
2024-02-21 12:38:21,727 - app - DEBUG - Headers: Host: localhost:5000
Connection: keep-alive
Cache-Control: max-age=0
Sec-Ch-Ua: "Not A(Brand";v="99", "Google Chrome";v="121", "Chromium";v="121"
Sec-Ch-Ua-Mobile: ?0
Sec-Ch-Ua-Platform: "Linux"
Upgrade-Insecure-Requests: 1
User-Agent: Mozilla/5.0 (X11; Linux x86_64) AppleWebKit/537.36 (KHTML, like Gecko) Chrome/121.0.0.0 Safari/537.36
Accept: text/html,application/xhtml+xml,application/xml;q=0.9,image/avif,image/webp,image/apng,*/*;q=0.8,application/signed-exchange;v=b3;q=0.7
Sec-Fetch-Site: none
Sec-Fetch-Mode: navigate
Sec-Fetch-User: ?1
Sec-Fetch-Dest: document
Accept-Encoding: gzip, deflate, br
Accept-Language: en-US,en;q=0.9,ru-RU;q=0.8,ru;q=0.7,tr;q=0.6,az;q=0.5,pl;q=0.4
Cookie: ajs_user_id=79244f579e11171d65ed351ff5264b3877fe35b063c1a79b9a7ca5103726a313; ajs_anonymous_id=9df2614f-5c1c-493f-8b52-bde69b4d0805; session=.eJxVjsEKgzAQRH8l7FkkKrHoH_TeY0HWuNpoTcRECxX_vWtpoT3tLPN2ZzbQyzyTDdVKcw3lBpVpoIRcNapJSUkkzBLJiqTKM4QItLP90mEwzlaTuzM8uRG7wzK2NdYEs1KFT2JnuC5StvnII1XFICh85T_9-4eBRJ5gj6AlamrUA1tnqx331CEWlxuJzyLQ-gfNwnjhA_bvSyW8OURSxJzhmeQiyf4CA-ZMag.ZdXgrQ.5RYpCP0XQ1-P9kfhJrPwnQhFjm4


2024-02-21 12:38:21,727 - app - DEBUG - Body: b''
2024-02-21 12:38:21,771 - app - DEBUG - Response status: 200 OK
2024-02-21 12:38:21,913 - app - DEBUG - Headers: Host: localhost:5000
Connection: keep-alive
Cache-Control: max-age=0
Sec-Ch-Ua: "Not A(Brand";v="99", "Google Chrome";v="121", "Chromium";v="121"
Sec-Ch-Ua-Mobile: ?0
Sec-Ch-Ua-Platform: "Linux"
Upgrade-Insecure-Requests: 1
User-Agent: Mozilla/5.0 (X11; Linux x86_64) AppleWebKit/537.36 (KHTML, like Gecko) Chrome/121.0.0.0 Safari/537.36
Accept: text/html,application/xhtml+xml,application/xml;q=0.9,image/avif,image/webp,image/apng,*/*;q=0.8,application/signed-exchange;v=b3;q=0.7
Sec-Fetch-Site: none
Sec-Fetch-Mode: navigate
Sec-Fetch-User: ?1
Sec-Fetch-Dest: document
Accept-Encoding: gzip, deflate, br
Accept-Language: en-US,en;q=0.9,ru-RU;q=0.8,ru;q=0.7,tr;q=0.6,az;q=0.5,pl;q=0.4
Cookie: ajs_user_id=79244f579e11171d65ed351ff5264b3877fe35b063c1a79b9a7ca5103726a313; ajs_anonymous_id=9df2614f-5c1c-493f-8b52-bde69b4d0805; session=.eJxVjsEOgjAQRH-l2bMhLVoM_IF3jyaklEUWpDW0YITw767GmHib3TeTmRXsNI7oYjnjWEGxQkk1FJDpWtcpamnQ7JVkhVJnhwZ2YL3rpquJ5F159zc222XqcHgyI9eQo0gzlmZBRi2FIDAOl0mmOu__Lb80UyWPsO2gQawrY3v-n5z1PM3GRJxbFN9DGBceOAoKIkTTfZJaBHoLlSdcENjJ1Wp7AaBtSOU.ZdXgrQ.ZrMg3jYdprpnYz03jXyT0CGkEDA


2024-02-21 12:38:21,914 - app - DEBUG - Body: b''
2024-02-21 12:38:21,958 - app - DEBUG - Response status: 200 OK
2024-02-21 12:38:22,094 - app - DEBUG - Headers: Host: localhost:5000
Connection: keep-alive
Cache-Control: max-age=0
Sec-Ch-Ua: "Not A(Brand";v="99", "Google Chrome";v="121", "Chromium";v="121"
Sec-Ch-Ua-Mobile: ?0
Sec-Ch-Ua-Platform: "Linux"
Upgrade-Insecure-Requests: 1
User-Agent: Mozilla/5.0 (X11; Linux x86_64) AppleWebKit/537.36 (KHTML, like Gecko) Chrome/121.0.0.0 Safari/537.36
Accept: text/html,application/xhtml+xml,application/xml;q=0.9,image/avif,image/webp,image/apng,*/*;q=0.8,application/signed-exchange;v=b3;q=0.7
Sec-Fetch-Site: none
Sec-Fetch-Mode: navigate
Sec-Fetch-User: ?1
Sec-Fetch-Dest: document
Accept-Encoding: gzip, deflate, br
Accept-Language: en-US,en;q=0.9,ru-RU;q=0.8,ru;q=0.7,tr;q=0.6,az;q=0.5,pl;q=0.4
Cookie: ajs_user_id=79244f579e11171d65ed351ff5264b3877fe35b063c1a79b9a7ca5103726a313; ajs_anonymous_id=9df2614f-5c1c-493f-8b52-bde69b4d0805; session=.eJxVjsEOgjAQRH-l2bMhRVON_oF3jyZNaRdZ0Na0BRII_-4qXjjtTubt7Mxg-xjRZz1grOAygyYHFzgqp9welTRoDqXkDaU6HhTswAbf9g-TKXj9Dk-G3zGMxk33XpbyS5CvyVOmAbWZkIHI1l6dm2qd8UmdwPxaVbe92ETSL_MEyw5qRFcZ27F59TZwaZsLcWtQ_IUwPo0YBSWRsmnXNiL9IspzwV8Sk1ynXD7_MFDh.ZdXgrQ.sYbNS-vBElHShFLRFd-Xf4e1hNk


2024-02-21 12:38:22,095 - app - DEBUG - Body: b''
2024-02-21 12:38:22,160 - app - DEBUG - Response status: 200 OK
2024-02-21 12:38:22,294 - app - DEBUG - Headers: Host: localhost:5000
Connection: keep-alive
Cache-Control: max-age=0
Sec-Ch-Ua: "Not A(Brand";v="99", "Google Chrome";v="121", "Chromium";v="121"
Sec-Ch-Ua-Mobile: ?0
Sec-Ch-Ua-Platform: "Linux"
Upgrade-Insecure-Requests: 1
User-Agent: Mozilla/5.0 (X11; Linux x86_64) AppleWebKit/537.36 (KHTML, like Gecko) Chrome/121.0.0.0 Safari/537.36
Accept: text/html,application/xhtml+xml,application/xml;q=0.9,image/avif,image/webp,image/apng,*/*;q=0.8,application/signed-exchange;v=b3;q=0.7
Sec-Fetch-Site: none
Sec-Fetch-Mode: navigate
Sec-Fetch-User: ?1
Sec-Fetch-Dest: document
Accept-Encoding: gzip, deflate, br
Accept-Language: en-US,en;q=0.9,ru-RU;q=0.8,ru;q=0.7,tr;q=0.6,az;q=0.5,pl;q=0.4
Cookie: ajs_user_id=79244f579e11171d65ed351ff5264b3877fe35b063c1a79b9a7ca5103726a313; ajs_anonymous_id=9df2614f-5c1c-493f-8b52-bde69b4d0805; session=.eJxVjsEOgjAQRH-l2TMhRVIM_IF3jyZkaRctSGvaglHCv7saD3ra2cybzKyg5xDIpXah0EGzQmsNNFApo8yOlETCspCsSKqq1JCB9m6Yz5isd-3NXxn2XUCN04NN63rrbLILtfgk9sxplrKv3MR3p-rxn_nNM1DIPWwZ9ESmQz2ydXDa8z6dcnG8kPg-Al28UxA2iphw-CSViPYtijrnjsgk1xfbC99hSi0.ZdXgrg.q7-5ZH6V528mfJramjhJ8414Ono


2024-02-21 12:38:22,294 - app - DEBUG - Body: b''
2024-02-21 12:38:22,339 - app - DEBUG - Response status: 200 OK
2024-02-21 12:38:22,481 - app - DEBUG - Headers: Host: localhost:5000
Connection: keep-alive
Cache-Control: max-age=0
Sec-Ch-Ua: "Not A(Brand";v="99", "Google Chrome";v="121", "Chromium";v="121"
Sec-Ch-Ua-Mobile: ?0
Sec-Ch-Ua-Platform: "Linux"
Upgrade-Insecure-Requests: 1
User-Agent: Mozilla/5.0 (X11; Linux x86_64) AppleWebKit/537.36 (KHTML, like Gecko) Chrome/121.0.0.0 Safari/537.36
Accept: text/html,application/xhtml+xml,application/xml;q=0.9,image/avif,image/webp,image/apng,*/*;q=0.8,application/signed-exchange;v=b3;q=0.7
Sec-Fetch-Site: none
Sec-Fetch-Mode: navigate
Sec-Fetch-User: ?1
Sec-Fetch-Dest: document
Accept-Encoding: gzip, deflate, br
Accept-Language: en-US,en;q=0.9,ru-RU;q=0.8,ru;q=0.7,tr;q=0.6,az;q=0.5,pl;q=0.4
Cookie: ajs_user_id=79244f579e11171d65ed351ff5264b3877fe35b063c1a79b9a7ca5103726a313; ajs_anonymous_id=9df2614f-5c1c-493f-8b52-bde69b4d0805; session=.eJxVjs0OgkAMhF9l07MhC2Yx8AbePZqQshSs4qK7i0QJ7279SYynTvNNOzODHb0nF6sb-RrKGSpuoITcNKbJyGgkXKdaFGmTZxmswA7uOHYYeXDVZejFPN07f59QGLuWHUe-UYUPEnTFnmvV7UedmaI_f-bp3_l7gsJTvYFlBS1RU6M9Cdk6O0hHGxO1O5D6LgpdmMgrDipEPL4vjQr8EmmRSEQQp3RIlycI6EuH.ZdXgrg._NRiJxb3ixPIl1cDCx-YnYVo8nM


2024-02-21 12:38:22,481 - app - DEBUG - Body: b''
2024-02-21 12:38:22,528 - app - DEBUG - Response status: 200 OK
2024-02-21 12:38:22,662 - app - DEBUG - Headers: Host: localhost:5000
Connection: keep-alive
Cache-Control: max-age=0
Sec-Ch-Ua: "Not A(Brand";v="99", "Google Chrome";v="121", "Chromium";v="121"
Sec-Ch-Ua-Mobile: ?0
Sec-Ch-Ua-Platform: "Linux"
Upgrade-Insecure-Requests: 1
User-Agent: Mozilla/5.0 (X11; Linux x86_64) AppleWebKit/537.36 (KHTML, like Gecko) Chrome/121.0.0.0 Safari/537.36
Accept: text/html,application/xhtml+xml,application/xml;q=0.9,image/avif,image/webp,image/apng,*/*;q=0.8,application/signed-exchange;v=b3;q=0.7
Sec-Fetch-Site: none
Sec-Fetch-Mode: navigate
Sec-Fetch-User: ?1
Sec-Fetch-Dest: document
Accept-Encoding: gzip, deflate, br
Accept-Language: en-US,en;q=0.9,ru-RU;q=0.8,ru;q=0.7,tr;q=0.6,az;q=0.5,pl;q=0.4
Cookie: ajs_user_id=79244f579e11171d65ed351ff5264b3877fe35b063c1a79b9a7ca5103726a313; ajs_anonymous_id=9df2614f-5c1c-493f-8b52-bde69b4d0805; session=.eJxVjsEOgjAQRH-l2TMhRSkG_sC7R5OmtIssaDG0YCLh313FmHja3bzZmVnATuOIPuoZxxqqBTQ5qKBQTrkdKmnQ7DPJG0pV5DkkYAffTRcTafD6PlxZbFt7nmSWlUzJN-Qp0ozaPJEhhchwp8rbNvp_0c-B8O0hD7Am0CC62tieydHbgQvamIpTi-J7COPDA0dBQYRous-nEoG2GilHBFZyfLa-AIIVSWE.ZdXgrg.NL3APQ2s8dfoVRjo3ap-MYtI7SA


2024-02-21 12:38:22,662 - app - DEBUG - Body: b''
2024-02-21 12:38:22,707 - app - DEBUG - Response status: 200 OK
2024-02-21 12:38:22,846 - app - DEBUG - Headers: Host: localhost:5000
Connection: keep-alive
Cache-Control: max-age=0
Sec-Ch-Ua: "Not A(Brand";v="99", "Google Chrome";v="121", "Chromium";v="121"
Sec-Ch-Ua-Mobile: ?0
Sec-Ch-Ua-Platform: "Linux"
Upgrade-Insecure-Requests: 1
User-Agent: Mozilla/5.0 (X11; Linux x86_64) AppleWebKit/537.36 (KHTML, like Gecko) Chrome/121.0.0.0 Safari/537.36
Accept: text/html,application/xhtml+xml,application/xml;q=0.9,image/avif,image/webp,image/apng,*/*;q=0.8,application/signed-exchange;v=b3;q=0.7
Sec-Fetch-Site: none
Sec-Fetch-Mode: navigate
Sec-Fetch-User: ?1
Sec-Fetch-Dest: document
Accept-Encoding: gzip, deflate, br
Accept-Language: en-US,en;q=0.9,ru-RU;q=0.8,ru;q=0.7,tr;q=0.6,az;q=0.5,pl;q=0.4
Cookie: ajs_user_id=79244f579e11171d65ed351ff5264b3877fe35b063c1a79b9a7ca5103726a313; ajs_anonymous_id=9df2614f-5c1c-493f-8b52-bde69b4d0805; session=.eJxVjsEKgzAQRH8l7FkkscSif9B7j4UQ49pG20SSaEHx37u1pdDTzvJmZ2cFM4WALqkZQwP1Csq2UEMpW9kWKLlGfRCcFHJZSgEZGO_66aqT9U6N_k5mP05xMYuOC2HrOutssjMqvSDRdJl4IaswMEyPjx7-fb8UokI2xr4nP8KWQYfYNtoMxE_OeKpqUs7ON2TfhWkXnxiYjSwm3e-XksU9QlQ5PYrkpB5iewE-hk3o.ZdXgrg.BVFo1C5q_dOxxlOGKHoe54whgtc


2024-02-21 12:38:22,847 - app - DEBUG - Body: b''
2024-02-21 12:38:22,891 - app - DEBUG - Response status: 200 OK
2024-02-21 12:38:23,030 - app - DEBUG - Headers: Host: localhost:5000
Connection: keep-alive
Cache-Control: max-age=0
Sec-Ch-Ua: "Not A(Brand";v="99", "Google Chrome";v="121", "Chromium";v="121"
Sec-Ch-Ua-Mobile: ?0
Sec-Ch-Ua-Platform: "Linux"
Upgrade-Insecure-Requests: 1
User-Agent: Mozilla/5.0 (X11; Linux x86_64) AppleWebKit/537.36 (KHTML, like Gecko) Chrome/121.0.0.0 Safari/537.36
Accept: text/html,application/xhtml+xml,application/xml;q=0.9,image/avif,image/webp,image/apng,*/*;q=0.8,application/signed-exchange;v=b3;q=0.7
Sec-Fetch-Site: none
Sec-Fetch-Mode: navigate
Sec-Fetch-User: ?1
Sec-Fetch-Dest: document
Accept-Encoding: gzip, deflate, br
Accept-Language: en-US,en;q=0.9,ru-RU;q=0.8,ru;q=0.7,tr;q=0.6,az;q=0.5,pl;q=0.4
Cookie: ajs_user_id=79244f579e11171d65ed351ff5264b3877fe35b063c1a79b9a7ca5103726a313; ajs_anonymous_id=9df2614f-5c1c-493f-8b52-bde69b4d0805; session=.eJxVjkEPgjAMhf_K0rMxQzIM_APvHk1I2YoWcJhtaALhv1uJBz2917yv7VvATiGQT_WTQgPVAjU7qKAwzrgDGY2EeabFkTZFnsMO7Oi76YqJR18_xkHgGRvuUCL2LXtO_KQaZ5LkMmndFoPb1Ia76MGU_T_6e0SATB9h3UFL5Bq0vUQnb0cpadNenW-kvoNCH18UFEcVE3bbplGRPyYr9_IjCiktsvUNJgdLkw.ZdXgrg.VOQG9ahCr95yZ6E_Mwn2BWlhZWc


2024-02-21 12:38:23,030 - app - DEBUG - Body: b''
2024-02-21 12:38:23,077 - app - DEBUG - Response status: 200 OK
2024-02-21 12:38:23,216 - app - DEBUG - Headers: Host: localhost:5000
Connection: keep-alive
Cache-Control: max-age=0
Sec-Ch-Ua: "Not A(Brand";v="99", "Google Chrome";v="121", "Chromium";v="121"
Sec-Ch-Ua-Mobile: ?0
Sec-Ch-Ua-Platform: "Linux"
Upgrade-Insecure-Requests: 1
User-Agent: Mozilla/5.0 (X11; Linux x86_64) AppleWebKit/537.36 (KHTML, like Gecko) Chrome/121.0.0.0 Safari/537.36
Accept: text/html,application/xhtml+xml,application/xml;q=0.9,image/avif,image/webp,image/apng,*/*;q=0.8,application/signed-exchange;v=b3;q=0.7
Sec-Fetch-Site: none
Sec-Fetch-Mode: navigate
Sec-Fetch-User: ?1
Sec-Fetch-Dest: document
Accept-Encoding: gzip, deflate, br
Accept-Language: en-US,en;q=0.9,ru-RU;q=0.8,ru;q=0.7,tr;q=0.6,az;q=0.5,pl;q=0.4
Cookie: ajs_user_id=79244f579e11171d65ed351ff5264b3877fe35b063c1a79b9a7ca5103726a313; ajs_anonymous_id=9df2614f-5c1c-493f-8b52-bde69b4d0805; session=.eJxVjs0OgjAQhF-l2TMhLaYYeAPvHk1IKYsuYDH9wQTCu7saD3ra2cw3mdnAJu_RxWZB30K9QUMd1FDqTncFamnQHJRkhVKXRQsZ2NkN6Woiza55zBPD6U7oTVjZJNeTo0gLNmZF9i5Jyr6c7nwLXY3_yG-cASWPsGfQI3atsSNbJ2dnnmdjLs43FN9HGBee6AUFEaIZPkktAr2FqnLuCExyu9pfqI1KAg.ZdXgrw.KAEJF6cYTOxWseMRJWVydx2jMCU


2024-02-21 12:38:23,216 - app - DEBUG - Body: b''
2024-02-21 12:38:23,261 - app - DEBUG - Response status: 200 OK
2024-02-21 12:38:23,401 - app - DEBUG - Headers: Host: localhost:5000
Connection: keep-alive
Cache-Control: max-age=0
Sec-Ch-Ua: "Not A(Brand";v="99", "Google Chrome";v="121", "Chromium";v="121"
Sec-Ch-Ua-Mobile: ?0
Sec-Ch-Ua-Platform: "Linux"
Upgrade-Insecure-Requests: 1
User-Agent: Mozilla/5.0 (X11; Linux x86_64) AppleWebKit/537.36 (KHTML, like Gecko) Chrome/121.0.0.0 Safari/537.36
Accept: text/html,application/xhtml+xml,application/xml;q=0.9,image/avif,image/webp,image/apng,*/*;q=0.8,application/signed-exchange;v=b3;q=0.7
Sec-Fetch-Site: none
Sec-Fetch-Mode: navigate
Sec-Fetch-User: ?1
Sec-Fetch-Dest: document
Accept-Encoding: gzip, deflate, br
Accept-Language: en-US,en;q=0.9,ru-RU;q=0.8,ru;q=0.7,tr;q=0.6,az;q=0.5,pl;q=0.4
Cookie: ajs_user_id=79244f579e11171d65ed351ff5264b3877fe35b063c1a79b9a7ca5103726a313; ajs_anonymous_id=9df2614f-5c1c-493f-8b52-bde69b4d0805; session=.eJxVTkEOgjAQ_EqzZ0IKWgz8wLtHE1LKggvamrZgIuHvrsjF08zuTGZmATN5jzbWM_oGqgVqaqGCQrWqzVFJjfqQSWYoVXGUkIBxdph6HcnZ-unubG7I-eskM6lYJtuRpUgz1vqNrPYsya6IGxj_YMxVOf5b9yCvt5wTrAl0iG2jzcj_szWOV5qYissNxX4IbcMLvaAgQtTDb4EI9CVZmXJBYCdPyNYPEdpLMg.ZdXgrw.s5MAJj6Yp7uDUULy-SZUXYu87hU


2024-02-21 12:38:23,401 - app - DEBUG - Body: b''
2024-02-21 12:38:23,447 - app - DEBUG - Response status: 200 OK
2024-02-21 12:38:23,587 - app - DEBUG - Headers: Host: localhost:5000
Connection: keep-alive
Cache-Control: max-age=0
Sec-Ch-Ua: "Not A(Brand";v="99", "Google Chrome";v="121", "Chromium";v="121"
Sec-Ch-Ua-Mobile: ?0
Sec-Ch-Ua-Platform: "Linux"
Upgrade-Insecure-Requests: 1
User-Agent: Mozilla/5.0 (X11; Linux x86_64) AppleWebKit/537.36 (KHTML, like Gecko) Chrome/121.0.0.0 Safari/537.36
Accept: text/html,application/xhtml+xml,application/xml;q=0.9,image/avif,image/webp,image/apng,*/*;q=0.8,application/signed-exchange;v=b3;q=0.7
Sec-Fetch-Site: none
Sec-Fetch-Mode: navigate
Sec-Fetch-User: ?1
Sec-Fetch-Dest: document
Accept-Encoding: gzip, deflate, br
Accept-Language: en-US,en;q=0.9,ru-RU;q=0.8,ru;q=0.7,tr;q=0.6,az;q=0.5,pl;q=0.4
Cookie: ajs_user_id=79244f579e11171d65ed351ff5264b3877fe35b063c1a79b9a7ca5103726a313; ajs_anonymous_id=9df2614f-5c1c-493f-8b52-bde69b4d0805; session=.eJxVjs0KgzAQhF8l7LlIYolF36D3HgshxtVGbVKSaEHx3bv9g_Y0s8zH7KxgphDQJTVjqKFaQdkGKihkI5scJdeo94KTQy6LvIQdGO_6qdPJeqdufiTYLDjo_jxxwSUB1rXW2WRnVHpByjuKeFssI2kuy-tbhn_0p-rVdIBtBy1iU2szUHJ0xtNSkzJ2uiD7HEy7eMfAbGQxfTewaJ9GlBm9iETSCLE9AEbeTIU.ZdXgrw.k-StazfsjGkffWPZ2Lb_DXqqYfY


2024-02-21 12:38:23,588 - app - DEBUG - Body: b''
2024-02-21 12:38:23,637 - app - DEBUG - Response status: 200 OK
2024-02-21 12:38:23,815 - app - DEBUG - Headers: Host: localhost:5000
Connection: keep-alive
Cache-Control: max-age=0
Sec-Ch-Ua: "Not A(Brand";v="99", "Google Chrome";v="121", "Chromium";v="121"
Sec-Ch-Ua-Mobile: ?0
Sec-Ch-Ua-Platform: "Linux"
Upgrade-Insecure-Requests: 1
User-Agent: Mozilla/5.0 (X11; Linux x86_64) AppleWebKit/537.36 (KHTML, like Gecko) Chrome/121.0.0.0 Safari/537.36
Accept: text/html,application/xhtml+xml,application/xml;q=0.9,image/avif,image/webp,image/apng,*/*;q=0.8,application/signed-exchange;v=b3;q=0.7
Sec-Fetch-Site: none
Sec-Fetch-Mode: navigate
Sec-Fetch-User: ?1
Sec-Fetch-Dest: document
Accept-Encoding: gzip, deflate, br
Accept-Language: en-US,en;q=0.9,ru-RU;q=0.8,ru;q=0.7,tr;q=0.6,az;q=0.5,pl;q=0.4
Cookie: ajs_user_id=79244f579e11171d65ed351ff5264b3877fe35b063c1a79b9a7ca5103726a313; ajs_anonymous_id=9df2614f-5c1c-493f-8b52-bde69b4d0805; session=.eJxdjsEOgjAQRH-l2bMhLaQY-APvHk1IaRdd0NbQAomEf3clXvS0u5k3O7OCncYRfWpmHFuoV2jIQQ2ldtrlqKVBUyjJG0pdKgUHsMH309UkCr55hjvDj8skZVcsZAkZIN-Rp0QzNuaFrDv8ELmuhl_1z81TySNsB-gQXWvswOrJ28AFbcrE-Ybiewjj44KjoChiMv3u1CLuL1SVcUxkkrPV9gbFhUnM.ZdXgrw.OvpKe_cAktKzz60YNQ8VASxBh8w


2024-02-21 12:38:23,815 - app - DEBUG - Body: b''
2024-02-21 12:38:23,860 - app - DEBUG - Response status: 200 OK
2024-02-21 12:38:24,101 - app - DEBUG - Headers: Host: localhost:5000
Connection: keep-alive
Cache-Control: max-age=0
Sec-Ch-Ua: "Not A(Brand";v="99", "Google Chrome";v="121", "Chromium";v="121"
Sec-Ch-Ua-Mobile: ?0
Sec-Ch-Ua-Platform: "Linux"
Upgrade-Insecure-Requests: 1
User-Agent: Mozilla/5.0 (X11; Linux x86_64) AppleWebKit/537.36 (KHTML, like Gecko) Chrome/121.0.0.0 Safari/537.36
Accept: text/html,application/xhtml+xml,application/xml;q=0.9,image/avif,image/webp,image/apng,*/*;q=0.8,application/signed-exchange;v=b3;q=0.7
Sec-Fetch-Site: none
Sec-Fetch-Mode: navigate
Sec-Fetch-User: ?1
Sec-Fetch-Dest: document
Accept-Encoding: gzip, deflate, br
Accept-Language: en-US,en;q=0.9,ru-RU;q=0.8,ru;q=0.7,tr;q=0.6,az;q=0.5,pl;q=0.4
Cookie: ajs_user_id=79244f579e11171d65ed351ff5264b3877fe35b063c1a79b9a7ca5103726a313; ajs_anonymous_id=9df2614f-5c1c-493f-8b52-bde69b4d0805; session=.eJxVjsEKwjAQRH8l7FkkUVLRP_DuUQjbZKupmkiSWrX0392qIJ52lnm7MwPYLiUKxdwo1bAZwHgHG6i0025BWiLhUklWJHWlCGZgY2i7AxYfg7nGM8P9w2E7WT40Pvjib2TwSezc951c6HWy54-4fMbpn_196ZEBJVcwzqAhcjXaE1vbYCO3tGUudkcS30VgyD0l4bPIBdv3pRbZT0Kt55yRmeQaanwBfJVL5A.ZdXgrw.566rW2XAEQJDcnkM1DP63WSfkbo


2024-02-21 12:38:24,101 - app - DEBUG - Body: b''
2024-02-21 12:38:24,147 - app - DEBUG - Response status: 200 OK
2024-02-21 12:38:24,679 - app - DEBUG - Headers: Host: localhost:5000
Connection: keep-alive
Cache-Control: max-age=0
Sec-Ch-Ua: "Not A(Brand";v="99", "Google Chrome";v="121", "Chromium";v="121"
Sec-Ch-Ua-Mobile: ?0
Sec-Ch-Ua-Platform: "Linux"
Upgrade-Insecure-Requests: 1
User-Agent: Mozilla/5.0 (X11; Linux x86_64) AppleWebKit/537.36 (KHTML, like Gecko) Chrome/121.0.0.0 Safari/537.36
Accept: text/html,application/xhtml+xml,application/xml;q=0.9,image/avif,image/webp,image/apng,*/*;q=0.8,application/signed-exchange;v=b3;q=0.7
Sec-Fetch-Site: none
Sec-Fetch-Mode: navigate
Sec-Fetch-User: ?1
Sec-Fetch-Dest: document
Accept-Encoding: gzip, deflate, br
Accept-Language: en-US,en;q=0.9,ru-RU;q=0.8,ru;q=0.7,tr;q=0.6,az;q=0.5,pl;q=0.4
Cookie: ajs_user_id=79244f579e11171d65ed351ff5264b3877fe35b063c1a79b9a7ca5103726a313; ajs_anonymous_id=9df2614f-5c1c-493f-8b52-bde69b4d0805; session=.eJxVjsEOgjAQRH-l2bMhLVoM_IF3jyaklEUWpDW0YITw767GmHib3TeTmRXsNI7oYjnjWEGxQkk1FJDpWtcpamnQ7JVkhVJnhwZ2YL3rpquJ5F159zc222XqcHgyI9eQo0gzlmZBRi2FIDAOl0mmOu__Lb80UyWPsO2gQawrY3v-n5z1PM3GRJxbFN9DGBceOAoKIkTTfZJaBHoLlSdcENjJ1Wp7AaBtSOU.ZdXgsA.RiYwdEFF81P_P7n9J6xszNPo614


2024-02-21 12:38:24,679 - app - DEBUG - Body: b''
2024-02-21 12:38:24,760 - app - DEBUG - Response status: 200 OK
2024-02-21 12:38:25,098 - app - DEBUG - Headers: Host: localhost:5000
Connection: keep-alive
Cache-Control: max-age=0
Sec-Ch-Ua: "Not A(Brand";v="99", "Google Chrome";v="121", "Chromium";v="121"
Sec-Ch-Ua-Mobile: ?0
Sec-Ch-Ua-Platform: "Linux"
Upgrade-Insecure-Requests: 1
User-Agent: Mozilla/5.0 (X11; Linux x86_64) AppleWebKit/537.36 (KHTML, like Gecko) Chrome/121.0.0.0 Safari/537.36
Accept: text/html,application/xhtml+xml,application/xml;q=0.9,image/avif,image/webp,image/apng,*/*;q=0.8,application/signed-exchange;v=b3;q=0.7
Sec-Fetch-Site: none
Sec-Fetch-Mode: navigate
Sec-Fetch-User: ?1
Sec-Fetch-Dest: document
Accept-Encoding: gzip, deflate, br
Accept-Language: en-US,en;q=0.9,ru-RU;q=0.8,ru;q=0.7,tr;q=0.6,az;q=0.5,pl;q=0.4
Cookie: ajs_user_id=79244f579e11171d65ed351ff5264b3877fe35b063c1a79b9a7ca5103726a313; ajs_anonymous_id=9df2614f-5c1c-493f-8b52-bde69b4d0805; session=.eJxVjsEKwjAQRH8l7LlIYklF_8C7R6Fsk62u2kSTVEHpv7sVPXhZZpnHzLzAjSlRKO2dUgebF7TsYQON9dYvyWokrI0WRdo2dQcVuBhO4wELx9Be40XgFJ8DPhhP-1EbbYXh0HPgwndq8UmCeAyzWZv52n7A2z_1H_TJWcFUQU_kO3RnMbfBRZnqykLtjqS-j8KQH5QUZ5XLb4HKPAuzXkhLFlImmOkNMTFOCA.ZdXgsA.YDYchsLXYZlTmOxtZGvQDu9cxgE


2024-02-21 12:38:25,098 - app - DEBUG - Body: b''
2024-02-21 12:38:25,178 - app - DEBUG - Response status: 200 OK
2024-02-21 12:38:25,658 - app - DEBUG - Headers: Host: localhost:5000
Connection: keep-alive
Cache-Control: max-age=0
Sec-Ch-Ua: "Not A(Brand";v="99", "Google Chrome";v="121", "Chromium";v="121"
Sec-Ch-Ua-Mobile: ?0
Sec-Ch-Ua-Platform: "Linux"
Upgrade-Insecure-Requests: 1
User-Agent: Mozilla/5.0 (X11; Linux x86_64) AppleWebKit/537.36 (KHTML, like Gecko) Chrome/121.0.0.0 Safari/537.36
Accept: text/html,application/xhtml+xml,application/xml;q=0.9,image/avif,image/webp,image/apng,*/*;q=0.8,application/signed-exchange;v=b3;q=0.7
Sec-Fetch-Site: none
Sec-Fetch-Mode: navigate
Sec-Fetch-User: ?1
Sec-Fetch-Dest: document
Accept-Encoding: gzip, deflate, br
Accept-Language: en-US,en;q=0.9,ru-RU;q=0.8,ru;q=0.7,tr;q=0.6,az;q=0.5,pl;q=0.4
Cookie: ajs_user_id=79244f579e11171d65ed351ff5264b3877fe35b063c1a79b9a7ca5103726a313; ajs_anonymous_id=9df2614f-5c1c-493f-8b52-bde69b4d0805; session=.eJxVjsEKgzAQRH8l7FkkWmLRP-i9x0KIyVpX21hMYkHx37stpdDb7L4ZZjawaZ7RR73g3EKzgSYHDVTKKVeikgbNoZCsUKpKOsjATn5IVxNp8vox3dhs1zRgWJmR78hTpAW1WZFRTyEIjPdLkqWqx3_LL820kEfYM-gQXWvsyP-TtxNPszEX5x7F9xDGhyfOgoII0QyfpBKB3qKocy4I7OTqYn8BoFhI5g.ZdXgsQ.41eJ4ZcErwiqfyzw5IE6fgRmoTI


2024-02-21 12:38:25,658 - app - DEBUG - Body: b''
2024-02-21 12:38:25,735 - app - DEBUG - Response status: 200 OK
2024-02-21 12:38:26,238 - app - DEBUG - Headers: Host: localhost:5000
Connection: keep-alive
Cache-Control: max-age=0
Sec-Ch-Ua: "Not A(Brand";v="99", "Google Chrome";v="121", "Chromium";v="121"
Sec-Ch-Ua-Mobile: ?0
Sec-Ch-Ua-Platform: "Linux"
Upgrade-Insecure-Requests: 1
User-Agent: Mozilla/5.0 (X11; Linux x86_64) AppleWebKit/537.36 (KHTML, like Gecko) Chrome/121.0.0.0 Safari/537.36
Accept: text/html,application/xhtml+xml,application/xml;q=0.9,image/avif,image/webp,image/apng,*/*;q=0.8,application/signed-exchange;v=b3;q=0.7
Sec-Fetch-Site: none
Sec-Fetch-Mode: navigate
Sec-Fetch-User: ?1
Sec-Fetch-Dest: document
Accept-Encoding: gzip, deflate, br
Accept-Language: en-US,en;q=0.9,ru-RU;q=0.8,ru;q=0.7,tr;q=0.6,az;q=0.5,pl;q=0.4
Cookie: ajs_user_id=79244f579e11171d65ed351ff5264b3877fe35b063c1a79b9a7ca5103726a313; ajs_anonymous_id=9df2614f-5c1c-493f-8b52-bde69b4d0805; session=.eJxVjs0OgjAQhF-l2TMhRVOMvIF3jybN0i5alFb7gxHCu1uMB73N5JvJzAwqeU82ypF8C80M0mhooBZa6A0JjoTbimdFXNRCQQHK2T6dMRpn5d3dcjj66TVgmDI0tjPWRDOSxIlWluKAj3_y2zolXvEdLAV0RLpFdc3oYJXLr1Qs2fFC7GsY2vAkz0xgIWL_aQoWzCqqfZk3Qk7m0Wp5A6LZSDg.ZdXgsQ.g0hXy3i9huVAbPAM_0xKjWF-WyQ


2024-02-21 12:38:26,238 - app - DEBUG - Body: b''
2024-02-21 12:38:26,318 - app - DEBUG - Response status: 200 OK
2024-02-21 12:38:26,553 - app - DEBUG - Headers: Host: localhost:5000
Connection: keep-alive
Cache-Control: max-age=0
Sec-Ch-Ua: "Not A(Brand";v="99", "Google Chrome";v="121", "Chromium";v="121"
Sec-Ch-Ua-Mobile: ?0
Sec-Ch-Ua-Platform: "Linux"
Upgrade-Insecure-Requests: 1
User-Agent: Mozilla/5.0 (X11; Linux x86_64) AppleWebKit/537.36 (KHTML, like Gecko) Chrome/121.0.0.0 Safari/537.36
Accept: text/html,application/xhtml+xml,application/xml;q=0.9,image/avif,image/webp,image/apng,*/*;q=0.8,application/signed-exchange;v=b3;q=0.7
Sec-Fetch-Site: none
Sec-Fetch-Mode: navigate
Sec-Fetch-User: ?1
Sec-Fetch-Dest: document
Accept-Encoding: gzip, deflate, br
Accept-Language: en-US,en;q=0.9,ru-RU;q=0.8,ru;q=0.7,tr;q=0.6,az;q=0.5,pl;q=0.4
Cookie: ajs_user_id=79244f579e11171d65ed351ff5264b3877fe35b063c1a79b9a7ca5103726a313; ajs_anonymous_id=9df2614f-5c1c-493f-8b52-bde69b4d0805; session=.eJxVjkEKgzAQRa8SshaJSix6g-67LMiYjDbaxpJEpYp37yilpas_wzze_JWr0Tm0oZrQ1bxceWU0L3kutdQpSgEIWSJoQiHzrOARV4PtxhaCGWz1HO4Ezy8NHfqFeXMdRZLslLGNsSaYCStYkKCWTqLJ3RHKPihTWfT_6M83w64Sp59zi3iDqGtQPTFnqwYqrkLMLjdkn4WB9TM6ZjzzAbpDIb-KmJ55IqlOsr0BRPtR6g.ZdXgsg.PLdhwePO5ysrSo82HchkNVG6Ia0


2024-02-21 12:38:26,553 - app - DEBUG - Body: b''
2024-02-21 12:38:26,635 - app - DEBUG - Response status: 200 OK
2024-02-21 12:38:26,880 - app - DEBUG - Headers: Host: localhost:5000
Connection: keep-alive
Cache-Control: max-age=0
Sec-Ch-Ua: "Not A(Brand";v="99", "Google Chrome";v="121", "Chromium";v="121"
Sec-Ch-Ua-Mobile: ?0
Sec-Ch-Ua-Platform: "Linux"
Upgrade-Insecure-Requests: 1
User-Agent: Mozilla/5.0 (X11; Linux x86_64) AppleWebKit/537.36 (KHTML, like Gecko) Chrome/121.0.0.0 Safari/537.36
Accept: text/html,application/xhtml+xml,application/xml;q=0.9,image/avif,image/webp,image/apng,*/*;q=0.8,application/signed-exchange;v=b3;q=0.7
Sec-Fetch-Site: none
Sec-Fetch-Mode: navigate
Sec-Fetch-User: ?1
Sec-Fetch-Dest: document
Accept-Encoding: gzip, deflate, br
Accept-Language: en-US,en;q=0.9,ru-RU;q=0.8,ru;q=0.7,tr;q=0.6,az;q=0.5,pl;q=0.4
Cookie: ajs_user_id=79244f579e11171d65ed351ff5264b3877fe35b063c1a79b9a7ca5103726a313; ajs_anonymous_id=9df2614f-5c1c-493f-8b52-bde69b4d0805; session=.eJxVjrEOwjAMRH8l8lxVCVVA9A8Y2BiRKjd1wVASSNIigfh3DHRhuzu9s-8JboyRfG4mii3UT2i4gxqWtrPdgqxGwspoUaTtUvdQgAv-NB4wc_DNNQwCX1Bi9j17zjxRgw-SdMK4H7WpjArDBW-F2uLA55_55-crTB9er-BVQE_UtejOkm-8CzLR5VLtjqRmo9CnO0XFSaWMp2_TqsQfYdalPEhCyg7zegOXQUr1.ZdXgsg.LEQOlIfcX7qtFsj8WnkxoMzMNvU


2024-02-21 12:38:26,880 - app - DEBUG - Body: b''
2024-02-21 12:38:26,957 - app - DEBUG - Response status: 200 OK
2024-02-21 12:38:27,590 - app - DEBUG - Headers: Host: localhost:5000
Connection: keep-alive
Cache-Control: max-age=0
Sec-Ch-Ua: "Not A(Brand";v="99", "Google Chrome";v="121", "Chromium";v="121"
Sec-Ch-Ua-Mobile: ?0
Sec-Ch-Ua-Platform: "Linux"
Upgrade-Insecure-Requests: 1
User-Agent: Mozilla/5.0 (X11; Linux x86_64) AppleWebKit/537.36 (KHTML, like Gecko) Chrome/121.0.0.0 Safari/537.36
Accept: text/html,application/xhtml+xml,application/xml;q=0.9,image/avif,image/webp,image/apng,*/*;q=0.8,application/signed-exchange;v=b3;q=0.7
Sec-Fetch-Site: none
Sec-Fetch-Mode: navigate
Sec-Fetch-User: ?1
Sec-Fetch-Dest: document
Accept-Encoding: gzip, deflate, br
Accept-Language: en-US,en;q=0.9,ru-RU;q=0.8,ru;q=0.7,tr;q=0.6,az;q=0.5,pl;q=0.4
Cookie: ajs_user_id=79244f579e11171d65ed351ff5264b3877fe35b063c1a79b9a7ca5103726a313; ajs_anonymous_id=9df2614f-5c1c-493f-8b52-bde69b4d0805; session=.eJxVjsEOgjAMhl9l6ZmYTRxG3sC7R5OljCJD3HQbmmh4d6vhwq3N97X__wE7xUg-myfFBuoPGNdCDZVudbslLZGwVJInkrpSOyjABj9MF8wueHMPI8sxNO48SaUOjJ3vnHfZPcngm5j2-P7BUsURb_hYK-sHcg9zAR1R26C9Mjh6G7iezRtx6kksi0CfXhSFSyJlHP6XWqSlw4YTEpucreYvSOFJeQ.ZdXgsg.Q5h4PGXSCEQQ7I94DeP7njRR71o


2024-02-21 12:38:27,590 - app - DEBUG - Body: b''
2024-02-21 12:38:27,672 - app - DEBUG - Response status: 200 OK
2024-02-21 12:38:27,936 - app - DEBUG - Headers: Host: localhost:5000
Connection: keep-alive
Cache-Control: max-age=0
Sec-Ch-Ua: "Not A(Brand";v="99", "Google Chrome";v="121", "Chromium";v="121"
Sec-Ch-Ua-Mobile: ?0
Sec-Ch-Ua-Platform: "Linux"
Upgrade-Insecure-Requests: 1
User-Agent: Mozilla/5.0 (X11; Linux x86_64) AppleWebKit/537.36 (KHTML, like Gecko) Chrome/121.0.0.0 Safari/537.36
Accept: text/html,application/xhtml+xml,application/xml;q=0.9,image/avif,image/webp,image/apng,*/*;q=0.8,application/signed-exchange;v=b3;q=0.7
Sec-Fetch-Site: none
Sec-Fetch-Mode: navigate
Sec-Fetch-User: ?1
Sec-Fetch-Dest: document
Accept-Encoding: gzip, deflate, br
Accept-Language: en-US,en;q=0.9,ru-RU;q=0.8,ru;q=0.7,tr;q=0.6,az;q=0.5,pl;q=0.4
Cookie: ajs_user_id=79244f579e11171d65ed351ff5264b3877fe35b063c1a79b9a7ca5103726a313; ajs_anonymous_id=9df2614f-5c1c-493f-8b52-bde69b4d0805; session=.eJxVjksOwjAMRK8SeY2qhCpFcAP2LJEqNzHgUtLSpOVTcXfMZwErjzXPnpnADX1PIZUj9RWsJijZwwoK662fk9VImBstirQtcg0zcG2ohz0mbkPZtY3AQ4ceHZOYHHYcOPFIJd5JvNt20CY3189oTnj-p34-vBC9gMcMdkS-QncUZx1cKwVdytTmQOq7KAzxQr3iqGLC-n1pVeSXMMtMIqKQkm8eT_nDSjs.ZdXgsw.kwAlxn7TeaVkIKynOqVAc_Lthqs


2024-02-21 12:38:27,936 - app - DEBUG - Body: b''
2024-02-21 12:38:28,013 - app - DEBUG - Response status: 200 OK
2024-02-21 12:38:28,386 - app - DEBUG - Headers: Host: localhost:5000
Connection: keep-alive
Cache-Control: max-age=0
Sec-Ch-Ua: "Not A(Brand";v="99", "Google Chrome";v="121", "Chromium";v="121"
Sec-Ch-Ua-Mobile: ?0
Sec-Ch-Ua-Platform: "Linux"
Upgrade-Insecure-Requests: 1
User-Agent: Mozilla/5.0 (X11; Linux x86_64) AppleWebKit/537.36 (KHTML, like Gecko) Chrome/121.0.0.0 Safari/537.36
Accept: text/html,application/xhtml+xml,application/xml;q=0.9,image/avif,image/webp,image/apng,*/*;q=0.8,application/signed-exchange;v=b3;q=0.7
Sec-Fetch-Site: none
Sec-Fetch-Mode: navigate
Sec-Fetch-User: ?1
Sec-Fetch-Dest: document
Accept-Encoding: gzip, deflate, br
Accept-Language: en-US,en;q=0.9,ru-RU;q=0.8,ru;q=0.7,tr;q=0.6,az;q=0.5,pl;q=0.4
Cookie: ajs_user_id=79244f579e11171d65ed351ff5264b3877fe35b063c1a79b9a7ca5103726a313; ajs_anonymous_id=9df2614f-5c1c-493f-8b52-bde69b4d0805; session=.eJxVjs0KwjAQhF8l7FlKokSpb-Ddo1DSZNW1mpT8VGjpu7tWETztLN_s7ExgS4zoczNgbGE_QUMO9rDVTrs1amnQbJRkhVJvtYIV2OBv5WIyBd_04c7m0Jc02tFYQubkz-Qp04CNGZFxPhW51nXsBObHR3f_vl8MU6VbS-8pdzCv4IzoWmM75gdvA3e1uRLHK4rvIoxPT4yCkkjZ3JZLLdISoeqKHyV2cg81vwCClU4s.ZdXgtA.yC5o37ESV7crerM-XOlmC4xRd8I


2024-02-21 12:38:28,386 - app - DEBUG - Body: b''
2024-02-21 12:38:28,462 - app - DEBUG - Response status: 200 OK
2024-02-21 12:38:28,814 - app - DEBUG - Headers: Host: localhost:5000
Connection: keep-alive
Cache-Control: max-age=0
Sec-Ch-Ua: "Not A(Brand";v="99", "Google Chrome";v="121", "Chromium";v="121"
Sec-Ch-Ua-Mobile: ?0
Sec-Ch-Ua-Platform: "Linux"
Upgrade-Insecure-Requests: 1
User-Agent: Mozilla/5.0 (X11; Linux x86_64) AppleWebKit/537.36 (KHTML, like Gecko) Chrome/121.0.0.0 Safari/537.36
Accept: text/html,application/xhtml+xml,application/xml;q=0.9,image/avif,image/webp,image/apng,*/*;q=0.8,application/signed-exchange;v=b3;q=0.7
Sec-Fetch-Site: none
Sec-Fetch-Mode: navigate
Sec-Fetch-User: ?1
Sec-Fetch-Dest: document
Accept-Encoding: gzip, deflate, br
Accept-Language: en-US,en;q=0.9,ru-RU;q=0.8,ru;q=0.7,tr;q=0.6,az;q=0.5,pl;q=0.4
Cookie: ajs_user_id=79244f579e11171d65ed351ff5264b3877fe35b063c1a79b9a7ca5103726a313; ajs_anonymous_id=9df2614f-5c1c-493f-8b52-bde69b4d0805; session=.eJxVjs0KgzAQhF8l7FkkWmPRN-i9x0KIyVpX21hMtFDx3bv9odDTzu43w-wKdp4m9FEvODVQr6DJQQ2lcsrlqKRBs8skK5SqLApIwI6-n88m0uj1bbyw2XYWGZBvyVOkBbV5IN8pxNMsc1VdP2P4N_3ChMwzuYctgRbRNcYOTA7ejvybjak4dii-izA-3HESFESIpn8nlQj0ElmVckVgJ9dn2xNVBEgq.ZdXgtA.UJNQPo_A7nsrFFb4NoDS7S7PT2s


2024-02-21 12:38:28,814 - app - DEBUG - Body: b''
2024-02-21 12:38:28,893 - app - DEBUG - Response status: 200 OK
2024-02-21 12:38:29,244 - app - DEBUG - Headers: Host: localhost:5000
Connection: keep-alive
Cache-Control: max-age=0
Sec-Ch-Ua: "Not A(Brand";v="99", "Google Chrome";v="121", "Chromium";v="121"
Sec-Ch-Ua-Mobile: ?0
Sec-Ch-Ua-Platform: "Linux"
Upgrade-Insecure-Requests: 1
User-Agent: Mozilla/5.0 (X11; Linux x86_64) AppleWebKit/537.36 (KHTML, like Gecko) Chrome/121.0.0.0 Safari/537.36
Accept: text/html,application/xhtml+xml,application/xml;q=0.9,image/avif,image/webp,image/apng,*/*;q=0.8,application/signed-exchange;v=b3;q=0.7
Sec-Fetch-Site: none
Sec-Fetch-Mode: navigate
Sec-Fetch-User: ?1
Sec-Fetch-Dest: document
Accept-Encoding: gzip, deflate, br
Accept-Language: en-US,en;q=0.9,ru-RU;q=0.8,ru;q=0.7,tr;q=0.6,az;q=0.5,pl;q=0.4
Cookie: ajs_user_id=79244f579e11171d65ed351ff5264b3877fe35b063c1a79b9a7ca5103726a313; ajs_anonymous_id=9df2614f-5c1c-493f-8b52-bde69b4d0805; session=.eJxVjksOwjAMRK8SeV1VCSh8egP2LJEiNzGQAinkA2or7o5BbLoba55nZgJbYqSQzZNiC80ExjtoYKWddgvSEgmXSrIiqVdqAxXYPnTlhNn3wdz7K8Mj5jgOt9JRGhnw4eiDz_5JBkdi3-GAwR2KVEsVb_iYM7MM_FJyDe8KjkSuRXthcxdszyttrsX-TOJ_CAzpRVH4JFLG7vepRfJfobY1tyQmeYB6fwBj602-.ZdXgtA.Tpswzn34emCUHRdZL-3sLjwzztE


2024-02-21 12:38:29,245 - app - DEBUG - Body: b''
2024-02-21 12:38:29,326 - app - DEBUG - Response status: 200 OK
2024-02-21 12:38:30,110 - app - DEBUG - Headers: Host: localhost:5000
Connection: keep-alive
Cache-Control: max-age=0
Sec-Ch-Ua: "Not A(Brand";v="99", "Google Chrome";v="121", "Chromium";v="121"
Sec-Ch-Ua-Mobile: ?0
Sec-Ch-Ua-Platform: "Linux"
Upgrade-Insecure-Requests: 1
User-Agent: Mozilla/5.0 (X11; Linux x86_64) AppleWebKit/537.36 (KHTML, like Gecko) Chrome/121.0.0.0 Safari/537.36
Accept: text/html,application/xhtml+xml,application/xml;q=0.9,image/avif,image/webp,image/apng,*/*;q=0.8,application/signed-exchange;v=b3;q=0.7
Sec-Fetch-Site: none
Sec-Fetch-Mode: navigate
Sec-Fetch-User: ?1
Sec-Fetch-Dest: document
Accept-Encoding: gzip, deflate, br
Accept-Language: en-US,en;q=0.9,ru-RU;q=0.8,ru;q=0.7,tr;q=0.6,az;q=0.5,pl;q=0.4
Cookie: ajs_user_id=79244f579e11171d65ed351ff5264b3877fe35b063c1a79b9a7ca5103726a313; ajs_anonymous_id=9df2614f-5c1c-493f-8b52-bde69b4d0805; session=.eJxVjsEOgjAQRH-l2TMhRS0G_sC7RxNS2kUWtDW0xQTCv7saY-Jtdt9MZlYwaZrQxWbGqYV6hYYs1FAqq-wOldSo94VkhVKVhw4yMN4N6aojedc8_I3NZkkDMiHXkaNIMzZ6QQY9hSAw3i9J7lQ1_lt-WaaFPMKWQYdoW21G_p-c8TzMxFycexTfQ2gXnjgJCiJEPXySSgR6i6LKuSCwk6uL7QXtSUf_.ZdXgtQ.lEjjdlMDaN-57vY9um6o8PSVwRU


2024-02-21 12:38:30,110 - app - DEBUG - Body: b''
2024-02-21 12:38:30,228 - app - DEBUG - Response status: 200 OK
2024-02-21 12:38:30,700 - app - DEBUG - Headers: Host: localhost:5000
Connection: keep-alive
Cache-Control: max-age=0
Sec-Ch-Ua: "Not A(Brand";v="99", "Google Chrome";v="121", "Chromium";v="121"
Sec-Ch-Ua-Mobile: ?0
Sec-Ch-Ua-Platform: "Linux"
Upgrade-Insecure-Requests: 1
User-Agent: Mozilla/5.0 (X11; Linux x86_64) AppleWebKit/537.36 (KHTML, like Gecko) Chrome/121.0.0.0 Safari/537.36
Accept: text/html,application/xhtml+xml,application/xml;q=0.9,image/avif,image/webp,image/apng,*/*;q=0.8,application/signed-exchange;v=b3;q=0.7
Sec-Fetch-Site: none
Sec-Fetch-Mode: navigate
Sec-Fetch-User: ?1
Sec-Fetch-Dest: document
Accept-Encoding: gzip, deflate, br
Accept-Language: en-US,en;q=0.9,ru-RU;q=0.8,ru;q=0.7,tr;q=0.6,az;q=0.5,pl;q=0.4
Cookie: ajs_user_id=79244f579e11171d65ed351ff5264b3877fe35b063c1a79b9a7ca5103726a313; ajs_anonymous_id=9df2614f-5c1c-493f-8b52-bde69b4d0805; session=.eJxVjkEOgjAQRa_SdG1IKykGb-DepUkztIMWtZi2QJBwdwdiJK7-TOblzZ-46UJAn3SPoeLHiWtn-ZEXyiq7RyUAIZeCJhSqyEu-46b1TXeF5FqvX-2D4GG00OBzZNFdOiHlQjlfO--S61HDGwm60knURVjD-CflXpX3f3TzDbCoxGFzzjteI9oKzJ2YkzctFTcpY-cbsu_CwMcBA3ORxQTNqlA_RUbPIpFUR84fQDNR4w.ZdXgtg.PMZEQAt1L8T9GBioH9BHzFABctM


2024-02-21 12:38:30,700 - app - DEBUG - Body: b''
2024-02-21 12:38:30,825 - app - DEBUG - Response status: 200 OK
2024-02-21 12:38:31,215 - app - DEBUG - Headers: Host: localhost:5000
Connection: keep-alive
Cache-Control: max-age=0
Sec-Ch-Ua: "Not A(Brand";v="99", "Google Chrome";v="121", "Chromium";v="121"
Sec-Ch-Ua-Mobile: ?0
Sec-Ch-Ua-Platform: "Linux"
Upgrade-Insecure-Requests: 1
User-Agent: Mozilla/5.0 (X11; Linux x86_64) AppleWebKit/537.36 (KHTML, like Gecko) Chrome/121.0.0.0 Safari/537.36
Accept: text/html,application/xhtml+xml,application/xml;q=0.9,image/avif,image/webp,image/apng,*/*;q=0.8,application/signed-exchange;v=b3;q=0.7
Sec-Fetch-Site: none
Sec-Fetch-Mode: navigate
Sec-Fetch-User: ?1
Sec-Fetch-Dest: document
Accept-Encoding: gzip, deflate, br
Accept-Language: en-US,en;q=0.9,ru-RU;q=0.8,ru;q=0.7,tr;q=0.6,az;q=0.5,pl;q=0.4
Cookie: ajs_user_id=79244f579e11171d65ed351ff5264b3877fe35b063c1a79b9a7ca5103726a313; ajs_anonymous_id=9df2614f-5c1c-493f-8b52-bde69b4d0805; session=.eJxdjsEOgjAMhl9l6ZmQoQ4jb-DdowkpW9GCDsMGRIzvblEvevua_2v7P8AOfU8-liP1FRQPKNlBAblxxq3IaCRcZ1qItMk3OSRgO98MJ4zc-fLWXUQejoPOtvY-YZhFYF-z58gjlTiT5Bwi1-jEWpmdonj9UPvr_t9aQG_hmUBN5Cq0rcR7bzvpa2OqDmdS30GhDxP1ioMKEZv3plGBF8h2qfwJYkqV7PkCjIpPOw.ZdXgtg.DBSRSTNfMd4X6hW2_84VVBHrDy0


2024-02-21 12:38:31,215 - app - DEBUG - Body: b''
2024-02-21 12:38:31,299 - app - DEBUG - Response status: 200 OK
2024-02-21 12:38:31,601 - app - DEBUG - Headers: Host: localhost:5000
Connection: keep-alive
Cache-Control: max-age=0
Sec-Ch-Ua: "Not A(Brand";v="99", "Google Chrome";v="121", "Chromium";v="121"
Sec-Ch-Ua-Mobile: ?0
Sec-Ch-Ua-Platform: "Linux"
Upgrade-Insecure-Requests: 1
User-Agent: Mozilla/5.0 (X11; Linux x86_64) AppleWebKit/537.36 (KHTML, like Gecko) Chrome/121.0.0.0 Safari/537.36
Accept: text/html,application/xhtml+xml,application/xml;q=0.9,image/avif,image/webp,image/apng,*/*;q=0.8,application/signed-exchange;v=b3;q=0.7
Sec-Fetch-Site: none
Sec-Fetch-Mode: navigate
Sec-Fetch-User: ?1
Sec-Fetch-Dest: document
Accept-Encoding: gzip, deflate, br
Accept-Language: en-US,en;q=0.9,ru-RU;q=0.8,ru;q=0.7,tr;q=0.6,az;q=0.5,pl;q=0.4
Cookie: ajs_user_id=79244f579e11171d65ed351ff5264b3877fe35b063c1a79b9a7ca5103726a313; ajs_anonymous_id=9df2614f-5c1c-493f-8b52-bde69b4d0805; session=.eJxdjssOgjAQRX-lmbUhrViM_IF7lyZkKIMUtdW2YALh3x0fG93NzTm5d2YwQwjkUjVSqKGcobINlFDoRjdr0hIJcyX5IqkLtYEVGO_64YTJelfd_IXl4Gt7HKSSmrF1rXU22ZEqnIhph9ML5ipc8Ir3X-WvYAvLClqipkZzZrB3xvN7JmXi0JH4BoEuPigIG0VM2H-mRXxXqF3GC5FN3lbLE0YGSXQ.ZdXgtw.UmEcDwqy_WX3Ijr5DRuhlTCnA3U


2024-02-21 12:38:31,601 - app - DEBUG - Body: b''
2024-02-21 12:38:31,682 - app - DEBUG - Response status: 200 OK
2024-02-21 12:38:31,894 - app - DEBUG - Headers: Host: localhost:5000
Connection: keep-alive
Cache-Control: max-age=0
Sec-Ch-Ua: "Not A(Brand";v="99", "Google Chrome";v="121", "Chromium";v="121"
Sec-Ch-Ua-Mobile: ?0
Sec-Ch-Ua-Platform: "Linux"
Upgrade-Insecure-Requests: 1
User-Agent: Mozilla/5.0 (X11; Linux x86_64) AppleWebKit/537.36 (KHTML, like Gecko) Chrome/121.0.0.0 Safari/537.36
Accept: text/html,application/xhtml+xml,application/xml;q=0.9,image/avif,image/webp,image/apng,*/*;q=0.8,application/signed-exchange;v=b3;q=0.7
Sec-Fetch-Site: none
Sec-Fetch-Mode: navigate
Sec-Fetch-User: ?1
Sec-Fetch-Dest: document
Accept-Encoding: gzip, deflate, br
Accept-Language: en-US,en;q=0.9,ru-RU;q=0.8,ru;q=0.7,tr;q=0.6,az;q=0.5,pl;q=0.4
Cookie: ajs_user_id=79244f579e11171d65ed351ff5264b3877fe35b063c1a79b9a7ca5103726a313; ajs_anonymous_id=9df2614f-5c1c-493f-8b52-bde69b4d0805; session=.eJxVjkEOgjAQRa_SzNqQoilEbuDepQkZyoCD2kpbMJFwd0fjQnd_8t7PnwXsFAK5VM8UGqgWqLmFCgrTmnZLRiPhLteSSJvClLAB690w9ZjYu_ruryI3TD1aJoHsOnaceKYanyRsxNOkNZU3HP_xT1WMXJewbqAjahu0FyEHZ718ZlOmjmdS30Ohiw8KiqOKCYdP06jI75DvM5mIYspwvr4AG2hINA.ZdXgtw.SGGUjukJB3bs496NeTazrrg5JDs


2024-02-21 12:38:31,895 - app - DEBUG - Body: b''
2024-02-21 12:38:31,973 - app - DEBUG - Response status: 200 OK
2024-02-21 12:38:32,157 - app - DEBUG - Headers: Host: localhost:5000
Connection: keep-alive
Cache-Control: max-age=0
Sec-Ch-Ua: "Not A(Brand";v="99", "Google Chrome";v="121", "Chromium";v="121"
Sec-Ch-Ua-Mobile: ?0
Sec-Ch-Ua-Platform: "Linux"
Upgrade-Insecure-Requests: 1
User-Agent: Mozilla/5.0 (X11; Linux x86_64) AppleWebKit/537.36 (KHTML, like Gecko) Chrome/121.0.0.0 Safari/537.36
Accept: text/html,application/xhtml+xml,application/xml;q=0.9,image/avif,image/webp,image/apng,*/*;q=0.8,application/signed-exchange;v=b3;q=0.7
Sec-Fetch-Site: none
Sec-Fetch-Mode: navigate
Sec-Fetch-User: ?1
Sec-Fetch-Dest: document
Accept-Encoding: gzip, deflate, br
Accept-Language: en-US,en;q=0.9,ru-RU;q=0.8,ru;q=0.7,tr;q=0.6,az;q=0.5,pl;q=0.4
Cookie: ajs_user_id=79244f579e11171d65ed351ff5264b3877fe35b063c1a79b9a7ca5103726a313; ajs_anonymous_id=9df2614f-5c1c-493f-8b52-bde69b4d0805; session=.eJxVjs0OgjAQhF-l2bMhraT48wbePZqQpV20KEXbggHCu7sYL95mM9_OzAymD4F8KgcKFRxnKJ2FIxTaarslLZEwV5IVSV2oPWzAdL7pr5hc58tn92B4whSmse0bakcGnK-dd8kNVOJE7Fsc0dtLL1WuQouvf-YvA1dK7mDZQE1kKzR3Nk_edLzSpEycbyR-h0Af3xSEiyImbL6fWkS3CnXIuCUyyQPU8gFfxE23.ZdXgtw.CmwrQLQ5TMNY9DaJwylLFx_Bzs8


2024-02-21 12:38:32,157 - app - DEBUG - Body: b''
2024-02-21 12:38:32,202 - app - DEBUG - Response status: 200 OK
2024-02-21 12:38:32,413 - app - DEBUG - Headers: Host: localhost:5000
Connection: keep-alive
Cache-Control: max-age=0
Sec-Ch-Ua: "Not A(Brand";v="99", "Google Chrome";v="121", "Chromium";v="121"
Sec-Ch-Ua-Mobile: ?0
Sec-Ch-Ua-Platform: "Linux"
Upgrade-Insecure-Requests: 1
User-Agent: Mozilla/5.0 (X11; Linux x86_64) AppleWebKit/537.36 (KHTML, like Gecko) Chrome/121.0.0.0 Safari/537.36
Accept: text/html,application/xhtml+xml,application/xml;q=0.9,image/avif,image/webp,image/apng,*/*;q=0.8,application/signed-exchange;v=b3;q=0.7
Sec-Fetch-Site: none
Sec-Fetch-Mode: navigate
Sec-Fetch-User: ?1
Sec-Fetch-Dest: document
Accept-Encoding: gzip, deflate, br
Accept-Language: en-US,en;q=0.9,ru-RU;q=0.8,ru;q=0.7,tr;q=0.6,az;q=0.5,pl;q=0.4
Cookie: ajs_user_id=79244f579e11171d65ed351ff5264b3877fe35b063c1a79b9a7ca5103726a313; ajs_anonymous_id=9df2614f-5c1c-493f-8b52-bde69b4d0805; session=.eJxVjrEOwjAMRH8l8oyqFJQi-gfsjEiRm7iQUhJI0iKo-u8YysJ29rvzeQIzxEg-65FiA_UE2lmooVJW2TUpiYSbUrIiqSpJsAITfDecMLvg9S30bE7HQZZSMXO-dd5lN5LGFzEK_RXv_2DJNM9vaAvzCloi26C58HrvTeB_TC7E4UziNwj06UFRuCRSxm6pE8l9RLkr-H5iJ_eV8xsTL0Rd.ZdXguA.cvuNqmnYVxsYtoyDBhMFh953q7s


2024-02-21 12:38:32,414 - app - DEBUG - Body: b''
2024-02-21 12:38:32,462 - app - DEBUG - Response status: 200 OK
2024-02-21 12:38:32,651 - app - DEBUG - Headers: Host: localhost:5000
Connection: keep-alive
Cache-Control: max-age=0
Sec-Ch-Ua: "Not A(Brand";v="99", "Google Chrome";v="121", "Chromium";v="121"
Sec-Ch-Ua-Mobile: ?0
Sec-Ch-Ua-Platform: "Linux"
Upgrade-Insecure-Requests: 1
User-Agent: Mozilla/5.0 (X11; Linux x86_64) AppleWebKit/537.36 (KHTML, like Gecko) Chrome/121.0.0.0 Safari/537.36
Accept: text/html,application/xhtml+xml,application/xml;q=0.9,image/avif,image/webp,image/apng,*/*;q=0.8,application/signed-exchange;v=b3;q=0.7
Sec-Fetch-Site: none
Sec-Fetch-Mode: navigate
Sec-Fetch-User: ?1
Sec-Fetch-Dest: document
Accept-Encoding: gzip, deflate, br
Accept-Language: en-US,en;q=0.9,ru-RU;q=0.8,ru;q=0.7,tr;q=0.6,az;q=0.5,pl;q=0.4
Cookie: ajs_user_id=79244f579e11171d65ed351ff5264b3877fe35b063c1a79b9a7ca5103726a313; ajs_anonymous_id=9df2614f-5c1c-493f-8b52-bde69b4d0805; session=.eJxdjs0OgjAQhF-l2TMhRVMMvIF3jyaktIsuSGvaggmEd3f9uehtJvPN7qxgphDQpWbG0EK9QkMWaiiVVXaHSmrU-0KyQqnKUkIGxrt-uuhE3jV3f2PY-ph0MIvmlFxHjhLN2OgFOUznSe5UNZITmMaPGX7BvyvMFPIAWwYdom21GTg9OuN5qEm5OF1RfI3QLj4wCIqCy_27qUSklyiqnN9EJnlGsT0BrCtNkA.ZdXguA.iXu-5Z6CM3ham929JY1UroNG0aE


2024-02-21 12:38:32,651 - app - DEBUG - Body: b''
2024-02-21 12:38:32,703 - app - DEBUG - Response status: 200 OK
2024-02-21 12:38:32,894 - app - DEBUG - Headers: Host: localhost:5000
Connection: keep-alive
Cache-Control: max-age=0
Sec-Ch-Ua: "Not A(Brand";v="99", "Google Chrome";v="121", "Chromium";v="121"
Sec-Ch-Ua-Mobile: ?0
Sec-Ch-Ua-Platform: "Linux"
Upgrade-Insecure-Requests: 1
User-Agent: Mozilla/5.0 (X11; Linux x86_64) AppleWebKit/537.36 (KHTML, like Gecko) Chrome/121.0.0.0 Safari/537.36
Accept: text/html,application/xhtml+xml,application/xml;q=0.9,image/avif,image/webp,image/apng,*/*;q=0.8,application/signed-exchange;v=b3;q=0.7
Sec-Fetch-Site: none
Sec-Fetch-Mode: navigate
Sec-Fetch-User: ?1
Sec-Fetch-Dest: document
Accept-Encoding: gzip, deflate, br
Accept-Language: en-US,en;q=0.9,ru-RU;q=0.8,ru;q=0.7,tr;q=0.6,az;q=0.5,pl;q=0.4
Cookie: ajs_user_id=79244f579e11171d65ed351ff5264b3877fe35b063c1a79b9a7ca5103726a313; ajs_anonymous_id=9df2614f-5c1c-493f-8b52-bde69b4d0805; session=.eJxVjsEOgjAQRH-l2bMhLVoM_IF3jyaklEUWpDW0YITw767GmHib3TeTmRXsNI7oYjnjWEGxQkk1FJDpWtcpamnQ7JVkhVJnhwZ2YL3rpquJ5F159zc222XqcHgyI9eQo0gzlmZBRi2FIDAOl0mmOu__Lb80UyWPsO2gQawrY3v-n5z1PM3GRJxbFN9DGBceOAoKIkTTfZJaBHoLlSdcENjJ1Wp7AaBtSOU.ZdXguA.6s5thEWFwW3XH4d-EELC12B_-eA


2024-02-21 12:38:32,894 - app - DEBUG - Body: b''
2024-02-21 12:38:32,940 - app - DEBUG - Response status: 200 OK
2024-02-21 12:38:33,121 - app - DEBUG - Headers: Host: localhost:5000
Connection: keep-alive
Cache-Control: max-age=0
Sec-Ch-Ua: "Not A(Brand";v="99", "Google Chrome";v="121", "Chromium";v="121"
Sec-Ch-Ua-Mobile: ?0
Sec-Ch-Ua-Platform: "Linux"
Upgrade-Insecure-Requests: 1
User-Agent: Mozilla/5.0 (X11; Linux x86_64) AppleWebKit/537.36 (KHTML, like Gecko) Chrome/121.0.0.0 Safari/537.36
Accept: text/html,application/xhtml+xml,application/xml;q=0.9,image/avif,image/webp,image/apng,*/*;q=0.8,application/signed-exchange;v=b3;q=0.7
Sec-Fetch-Site: none
Sec-Fetch-Mode: navigate
Sec-Fetch-User: ?1
Sec-Fetch-Dest: document
Accept-Encoding: gzip, deflate, br
Accept-Language: en-US,en;q=0.9,ru-RU;q=0.8,ru;q=0.7,tr;q=0.6,az;q=0.5,pl;q=0.4
Cookie: ajs_user_id=79244f579e11171d65ed351ff5264b3877fe35b063c1a79b9a7ca5103726a313; ajs_anonymous_id=9df2614f-5c1c-493f-8b52-bde69b4d0805; session=.eJxVjkEKgzAQRa8SZi0SlVj0Bt13WZCYjO2oTYqJCop377SUQnd_eO_zZwczTxO62Cw4tVDv0JCFGkpllc1RSY26yCQnlKosEBIw3vXzTUfyrnn6keWVMGxMyHXkKNKCjd6QQUvj4zrLXFXDP_717EbIRiZPcCTQIdpWm4HZ2RnPj5mYissdxfcQ2oUVJ0FBhKj7T1OJQO-QVSmPBDZ5Ojte_2pINA.ZdXguA.o0T_zrLIYL6_3T_iB5tWPbzf1Iw


2024-02-21 12:38:33,121 - app - DEBUG - Body: b''
2024-02-21 12:38:33,166 - app - DEBUG - Response status: 200 OK
2024-02-21 12:38:33,343 - app - DEBUG - Headers: Host: localhost:5000
Connection: keep-alive
Cache-Control: max-age=0
Sec-Ch-Ua: "Not A(Brand";v="99", "Google Chrome";v="121", "Chromium";v="121"
Sec-Ch-Ua-Mobile: ?0
Sec-Ch-Ua-Platform: "Linux"
Upgrade-Insecure-Requests: 1
User-Agent: Mozilla/5.0 (X11; Linux x86_64) AppleWebKit/537.36 (KHTML, like Gecko) Chrome/121.0.0.0 Safari/537.36
Accept: text/html,application/xhtml+xml,application/xml;q=0.9,image/avif,image/webp,image/apng,*/*;q=0.8,application/signed-exchange;v=b3;q=0.7
Sec-Fetch-Site: none
Sec-Fetch-Mode: navigate
Sec-Fetch-User: ?1
Sec-Fetch-Dest: document
Accept-Encoding: gzip, deflate, br
Accept-Language: en-US,en;q=0.9,ru-RU;q=0.8,ru;q=0.7,tr;q=0.6,az;q=0.5,pl;q=0.4
Cookie: ajs_user_id=79244f579e11171d65ed351ff5264b3877fe35b063c1a79b9a7ca5103726a313; ajs_anonymous_id=9df2614f-5c1c-493f-8b52-bde69b4d0805; session=.eJxVjs0KgzAQhF8l7FkkWmPRN-i9x0KIyVpX21hMtFDx3bv9odDTzu43w-wKdp4m9FEvODVQr6DJQQ2lcsrlqKRBs8skK5SqLApIwI6-n88m0uj1bbyw2XYWGZBvyVOkBbV5IN8pxNMsc1VdP2P4N_3ChMwzuYctgRbRNcYOTA7ejvybjak4dii-izA-3HESFESIpn8nlQj0ElmVckVgJ9dn2xNVBEgq.ZdXguQ.cJ2UywrZObnLxBz0hLC5kEhGgKM


2024-02-21 12:38:33,343 - app - DEBUG - Body: b''
2024-02-21 12:38:33,392 - app - DEBUG - Response status: 200 OK
2024-02-21 12:38:33,578 - app - DEBUG - Headers: Host: localhost:5000
Connection: keep-alive
Cache-Control: max-age=0
Sec-Ch-Ua: "Not A(Brand";v="99", "Google Chrome";v="121", "Chromium";v="121"
Sec-Ch-Ua-Mobile: ?0
Sec-Ch-Ua-Platform: "Linux"
Upgrade-Insecure-Requests: 1
User-Agent: Mozilla/5.0 (X11; Linux x86_64) AppleWebKit/537.36 (KHTML, like Gecko) Chrome/121.0.0.0 Safari/537.36
Accept: text/html,application/xhtml+xml,application/xml;q=0.9,image/avif,image/webp,image/apng,*/*;q=0.8,application/signed-exchange;v=b3;q=0.7
Sec-Fetch-Site: none
Sec-Fetch-Mode: navigate
Sec-Fetch-User: ?1
Sec-Fetch-Dest: document
Accept-Encoding: gzip, deflate, br
Accept-Language: en-US,en;q=0.9,ru-RU;q=0.8,ru;q=0.7,tr;q=0.6,az;q=0.5,pl;q=0.4
Cookie: ajs_user_id=79244f579e11171d65ed351ff5264b3877fe35b063c1a79b9a7ca5103726a313; ajs_anonymous_id=9df2614f-5c1c-493f-8b52-bde69b4d0805; session=.eJxVjssOgjAQRX-lmTUhRVOM_IF7lyZkKIMOaou0YITw746PmLibm3NP7sxgh74nF8uR-gqKGUquoYDc1KZekdFIuM60XKRNbhpIwHrXDkeM7F3Z-YuUOw7TYdBZthXMrmHHkUcqcSKhD5yuePsnPw9fnt7AkkBDVFdozwJ2znr5ysZU7U-kvkGhC3fqFQcVIrZv06jAn-lUFoI0ZTJbngqtRwY.ZdXguQ.uaRiBlmFqC-v6r38UnBtkuWJZls


2024-02-21 12:38:33,579 - app - DEBUG - Body: b''
2024-02-21 12:38:33,623 - app - DEBUG - Response status: 200 OK
2024-02-21 12:38:33,800 - app - DEBUG - Headers: Host: localhost:5000
Connection: keep-alive
Cache-Control: max-age=0
Sec-Ch-Ua: "Not A(Brand";v="99", "Google Chrome";v="121", "Chromium";v="121"
Sec-Ch-Ua-Mobile: ?0
Sec-Ch-Ua-Platform: "Linux"
Upgrade-Insecure-Requests: 1
User-Agent: Mozilla/5.0 (X11; Linux x86_64) AppleWebKit/537.36 (KHTML, like Gecko) Chrome/121.0.0.0 Safari/537.36
Accept: text/html,application/xhtml+xml,application/xml;q=0.9,image/avif,image/webp,image/apng,*/*;q=0.8,application/signed-exchange;v=b3;q=0.7
Sec-Fetch-Site: none
Sec-Fetch-Mode: navigate
Sec-Fetch-User: ?1
Sec-Fetch-Dest: document
Accept-Encoding: gzip, deflate, br
Accept-Language: en-US,en;q=0.9,ru-RU;q=0.8,ru;q=0.7,tr;q=0.6,az;q=0.5,pl;q=0.4
Cookie: ajs_user_id=79244f579e11171d65ed351ff5264b3877fe35b063c1a79b9a7ca5103726a313; ajs_anonymous_id=9df2614f-5c1c-493f-8b52-bde69b4d0805; session=.eJxVjsEOgjAQRH-l2TMhRSkG_sC7R5OmtIssaDG0YCLh313FmHja2bzJzCxgp3FEH_WMYw3VApocVFAop9wOlTRo9plkhVIVeQ4J2MF308VEGry-D1c229aeJ5lJxZR8Q54izajNExlSiAx3qrxtp_83_RIIPxkHWBNoEF1tbM_k6O3AA21MxalF8X2E8eGBo6AgQjTd1i4CvUVWplwR2Mn12foCfytJXA.ZdXguQ.R8beYravKEGJeniAL16zoEXAKbE


2024-02-21 12:38:33,800 - app - DEBUG - Body: b''
2024-02-21 12:38:33,845 - app - DEBUG - Response status: 200 OK
2024-02-21 12:38:34,012 - app - DEBUG - Headers: Host: localhost:5000
Connection: keep-alive
Cache-Control: max-age=0
Sec-Ch-Ua: "Not A(Brand";v="99", "Google Chrome";v="121", "Chromium";v="121"
Sec-Ch-Ua-Mobile: ?0
Sec-Ch-Ua-Platform: "Linux"
Upgrade-Insecure-Requests: 1
User-Agent: Mozilla/5.0 (X11; Linux x86_64) AppleWebKit/537.36 (KHTML, like Gecko) Chrome/121.0.0.0 Safari/537.36
Accept: text/html,application/xhtml+xml,application/xml;q=0.9,image/avif,image/webp,image/apng,*/*;q=0.8,application/signed-exchange;v=b3;q=0.7
Sec-Fetch-Site: none
Sec-Fetch-Mode: navigate
Sec-Fetch-User: ?1
Sec-Fetch-Dest: document
Accept-Encoding: gzip, deflate, br
Accept-Language: en-US,en;q=0.9,ru-RU;q=0.8,ru;q=0.7,tr;q=0.6,az;q=0.5,pl;q=0.4
Cookie: ajs_user_id=79244f579e11171d65ed351ff5264b3877fe35b063c1a79b9a7ca5103726a313; ajs_anonymous_id=9df2614f-5c1c-493f-8b52-bde69b4d0805; session=.eJxVjsEOgjAQRH-l2TMhRSkG_sC7R5OmtIssaDG0YCLh313FmHja2bzJzCxgp3FEH_WMYw3VApocVFAop9wOlTRo9plkhVIVeQ4J2MF308VEGry-D1c229aeJ5lJxZR8Q54izajNExlSiAx3qrxtp_83_RIIPxkHWBNoEF1tbM_k6O3AA21MxalF8X2E8eGBo6AgQjTd1i4CvUVWplwR2Mn12foCfytJXA.ZdXguQ.R8beYravKEGJeniAL16zoEXAKbE


2024-02-21 12:38:34,012 - app - DEBUG - Body: b''
2024-02-21 12:38:34,058 - app - DEBUG - Response status: 200 OK
2024-02-21 12:38:34,244 - app - DEBUG - Headers: Host: localhost:5000
Connection: keep-alive
Cache-Control: max-age=0
Sec-Ch-Ua: "Not A(Brand";v="99", "Google Chrome";v="121", "Chromium";v="121"
Sec-Ch-Ua-Mobile: ?0
Sec-Ch-Ua-Platform: "Linux"
Upgrade-Insecure-Requests: 1
User-Agent: Mozilla/5.0 (X11; Linux x86_64) AppleWebKit/537.36 (KHTML, like Gecko) Chrome/121.0.0.0 Safari/537.36
Accept: text/html,application/xhtml+xml,application/xml;q=0.9,image/avif,image/webp,image/apng,*/*;q=0.8,application/signed-exchange;v=b3;q=0.7
Sec-Fetch-Site: none
Sec-Fetch-Mode: navigate
Sec-Fetch-User: ?1
Sec-Fetch-Dest: document
Accept-Encoding: gzip, deflate, br
Accept-Language: en-US,en;q=0.9,ru-RU;q=0.8,ru;q=0.7,tr;q=0.6,az;q=0.5,pl;q=0.4
Cookie: ajs_user_id=79244f579e11171d65ed351ff5264b3877fe35b063c1a79b9a7ca5103726a313; ajs_anonymous_id=9df2614f-5c1c-493f-8b52-bde69b4d0805; session=.eJxVjsEOgjAQRH-l2TMhBVMU_sC7RxNSyqIL0hpaIEj4dzfoQW87mTezs4IZhwFtKCccKihWKKmGAjJVqzpFJTXqQyL5Qqmy7AQRGGfb8aYDOVs-3YPh0Qc9k-4Xdsk2ZCnQhKV-IZvhOspU5QtZgaH_iO4f_G1hIJFH2CJoEOtKm46tszWOV5oQi8sdxVcIbf2MgyAvONruSSX8XpHkMf_wTPKGZHsDzhFMjw.ZdXgug.PJlL_toYNKy6oQzwMFj3T1Ip3fk


2024-02-21 12:38:34,244 - app - DEBUG - Body: b''
2024-02-21 12:38:34,291 - app - DEBUG - Response status: 200 OK
2024-02-22 12:59:42,639 - app - DEBUG - Headers: Host: 127.0.0.1:5000
Connection: keep-alive
Sec-Ch-Ua: "Not A(Brand";v="99", "Google Chrome";v="121", "Chromium";v="121"
Sec-Ch-Ua-Mobile: ?0
Sec-Ch-Ua-Platform: "Linux"
Upgrade-Insecure-Requests: 1
User-Agent: Mozilla/5.0 (X11; Linux x86_64) AppleWebKit/537.36 (KHTML, like Gecko) Chrome/121.0.0.0 Safari/537.36
Accept: text/html,application/xhtml+xml,application/xml;q=0.9,image/avif,image/webp,image/apng,*/*;q=0.8,application/signed-exchange;v=b3;q=0.7
Sec-Fetch-Site: none
Sec-Fetch-Mode: navigate
Sec-Fetch-User: ?1
Sec-Fetch-Dest: document
Accept-Encoding: gzip, deflate, br, zstd
Accept-Language: en-US,en;q=0.9,ru-RU;q=0.8,ru;q=0.7,tr;q=0.6,az;q=0.5,pl;q=0.4


2024-02-22 12:59:42,640 - app - DEBUG - Body: b''
2024-02-22 12:59:43,634 - app - DEBUG - Response status: 200 OK
2024-02-22 12:59:43,716 - app - DEBUG - Headers: Host: 127.0.0.1:5000
Connection: keep-alive
Sec-Ch-Ua: "Not A(Brand";v="99", "Google Chrome";v="121", "Chromium";v="121"
Sec-Ch-Ua-Mobile: ?0
User-Agent: Mozilla/5.0 (X11; Linux x86_64) AppleWebKit/537.36 (KHTML, like Gecko) Chrome/121.0.0.0 Safari/537.36
Sec-Ch-Ua-Platform: "Linux"
Accept: image/avif,image/webp,image/apng,image/svg+xml,image/*,*/*;q=0.8
Sec-Fetch-Site: same-origin
Sec-Fetch-Mode: no-cors
Sec-Fetch-Dest: image
Referer: http://127.0.0.1:5000/
Accept-Encoding: gzip, deflate, br, zstd
Accept-Language: en-US,en;q=0.9,ru-RU;q=0.8,ru;q=0.7,tr;q=0.6,az;q=0.5,pl;q=0.4
Cookie: session=.eJxVy8EKwjAQhOF32bOHrbIV-ixC2DSjbKmJxqRQS9_diCdvA9_8G401Z8TiFmRPw0bOAg3US5BwhLBCTx23BZaeQQcaU5zqTYul6B5pbucJr4JL5U58c4tXi1ZsgdM3Gqf5rs9_-HV-_UZ8pn3_APNhLSg.Zdc3Lw.QvgHBS28t-8vhKq_ipXSDRo9Tqo


2024-02-22 12:59:43,716 - app - DEBUG - Body: b''
2024-02-22 12:59:43,716 - app - DEBUG - Response status: 404 NOT FOUND
2024-02-22 13:00:07,371 - app - DEBUG - Headers: Host: 127.0.0.1:5000
Connection: keep-alive
Sec-Ch-Ua: "Not A(Brand";v="99", "Google Chrome";v="121", "Chromium";v="121"
Sec-Ch-Ua-Mobile: ?0
Sec-Ch-Ua-Platform: "Linux"
Upgrade-Insecure-Requests: 1
User-Agent: Mozilla/5.0 (X11; Linux x86_64) AppleWebKit/537.36 (KHTML, like Gecko) Chrome/121.0.0.0 Safari/537.36
Accept: text/html,application/xhtml+xml,application/xml;q=0.9,image/avif,image/webp,image/apng,*/*;q=0.8,application/signed-exchange;v=b3;q=0.7
Sec-Fetch-Site: none
Sec-Fetch-Mode: navigate
Sec-Fetch-User: ?1
Sec-Fetch-Dest: document
Accept-Encoding: gzip, deflate, br, zstd
Accept-Language: en-US,en;q=0.9,ru-RU;q=0.8,ru;q=0.7,tr;q=0.6,az;q=0.5,pl;q=0.4
Cookie: session=.eJxVy8EKwjAQhOF32bOHrbIV-ixC2DSjbKmJxqRQS9_diCdvA9_8G401Z8TiFmRPw0bOAg3US5BwhLBCTx23BZaeQQcaU5zqTYul6B5pbucJr4JL5U58c4tXi1ZsgdM3Gqf5rs9_-HV-_UZ8pn3_APNhLSg.Zdc3Lw.QvgHBS28t-8vhKq_ipXSDRo9Tqo


2024-02-22 13:00:07,371 - app - DEBUG - Body: b''
2024-02-22 13:00:07,856 - app - DEBUG - Response status: 200 OK
2024-02-22 13:00:34,300 - app - DEBUG - Headers: Host: 127.0.0.1:5000
Connection: keep-alive
Sec-Ch-Ua: "Not A(Brand";v="99", "Google Chrome";v="121", "Chromium";v="121"
Sec-Ch-Ua-Mobile: ?0
Sec-Ch-Ua-Platform: "Linux"
Upgrade-Insecure-Requests: 1
User-Agent: Mozilla/5.0 (X11; Linux x86_64) AppleWebKit/537.36 (KHTML, like Gecko) Chrome/121.0.0.0 Safari/537.36
Accept: text/html,application/xhtml+xml,application/xml;q=0.9,image/avif,image/webp,image/apng,*/*;q=0.8,application/signed-exchange;v=b3;q=0.7
Sec-Fetch-Site: none
Sec-Fetch-Mode: navigate
Sec-Fetch-User: ?1
Sec-Fetch-Dest: document
Accept-Encoding: gzip, deflate, br, zstd
Accept-Language: en-US,en;q=0.9,ru-RU;q=0.8,ru;q=0.7,tr;q=0.6,az;q=0.5,pl;q=0.4
Cookie: session=.eJxVy0kOgzAMQNG7eM2CqQnlLEiRyYCMwClRggqIu5Nlu37_X6BTCJaj2m0Yob9AkYEexMvIRphOu0ZWb1GPDrFthYECtOc5TRjJs_r4Jcf6PCKumYgdMUXarcLTZvHftOL2Lz_PkMqqlHDfD_EgLck.Zdc3Rw.Yc-yp3XiM67BH5sG8316oR1gXVc


2024-02-22 13:00:34,300 - app - DEBUG - Body: b''
2024-02-22 13:00:34,732 - app - DEBUG - Response status: 200 OK
2024-02-22 13:07:22,330 - app - DEBUG - Headers: Host: 127.0.0.1:5000
Connection: keep-alive
Sec-Ch-Ua: "Not A(Brand";v="99", "Google Chrome";v="121", "Chromium";v="121"
Sec-Ch-Ua-Mobile: ?0
Sec-Ch-Ua-Platform: "Linux"
Upgrade-Insecure-Requests: 1
User-Agent: Mozilla/5.0 (X11; Linux x86_64) AppleWebKit/537.36 (KHTML, like Gecko) Chrome/121.0.0.0 Safari/537.36
Accept: text/html,application/xhtml+xml,application/xml;q=0.9,image/avif,image/webp,image/apng,*/*;q=0.8,application/signed-exchange;v=b3;q=0.7
Sec-Fetch-Site: none
Sec-Fetch-Mode: navigate
Sec-Fetch-User: ?1
Sec-Fetch-Dest: document
Accept-Encoding: gzip, deflate, br, zstd
Accept-Language: en-US,en;q=0.9,ru-RU;q=0.8,ru;q=0.7,tr;q=0.6,az;q=0.5,pl;q=0.4
Cookie: session=.eJxVzM0OgjAQBOB32bMHENoiz2LSbP_MEtxqQ0ko4d2tejBe5jLfzA42p-R50atPBsYdNDkYQQqnOukGGzrVXuTZBMS-HwKcwEae8g0Xiqwfca64oC0b43TNTduISogDMS20eo3FV2Hw3Ykw4x2f_-B38Z1_UsFxvACY4jNb.Zdc3Yg.yiq9QzP1UjriCNKTMuCf0fbSQyI


2024-02-22 13:07:22,331 - app - DEBUG - Body: b''
2024-02-22 13:07:22,787 - app - DEBUG - Response status: 200 OK
2024-02-22 13:11:37,343 - app - DEBUG - Headers: Host: 127.0.0.1:5000
Connection: keep-alive
Sec-Ch-Ua: "Not A(Brand";v="99", "Google Chrome";v="121", "Chromium";v="121"
Sec-Ch-Ua-Mobile: ?0
Sec-Ch-Ua-Platform: "Linux"
Upgrade-Insecure-Requests: 1
User-Agent: Mozilla/5.0 (X11; Linux x86_64) AppleWebKit/537.36 (KHTML, like Gecko) Chrome/121.0.0.0 Safari/537.36
Accept: text/html,application/xhtml+xml,application/xml;q=0.9,image/avif,image/webp,image/apng,*/*;q=0.8,application/signed-exchange;v=b3;q=0.7
Sec-Fetch-Site: none
Sec-Fetch-Mode: navigate
Sec-Fetch-User: ?1
Sec-Fetch-Dest: document
Accept-Encoding: gzip, deflate, br, zstd
Accept-Language: en-US,en;q=0.9,ru-RU;q=0.8,ru;q=0.7,tr;q=0.6,az;q=0.5,pl;q=0.4
Cookie: session=.eJxdzEsOwiAUheGtmDt2QB-AdC0mhMdFb1VoCNTEpnuX6Ehnf3K-nA1czRlj0StmC9MGmjxMILiXg_AnFwbZKdHbYMw4KoQjuBTnejGFUtRLuje85HNlLAy2zi06xpuiGChSoRW1eWFDrk09V1d_wPL49u3X_Z2lp_m8Sdj3N8_yNoo.Zdc4-g.AOLW5mSBAeFmvr13tNlZY_TIp5c


2024-02-22 13:11:37,344 - app - DEBUG - Body: b''
2024-02-22 13:11:37,846 - app - DEBUG - Response status: 200 OK
